0 info it worked if it ends with ok
1 verbose cli [ '/usr/bin/node', '/usr/bin/npm', 'install' ]
2 info using npm@3.9.6
3 info using node@v4.4.5
4 silly loadCurrentTree Starting
5 silly install loadCurrentTree
6 silly install readLocalPackageData
7 silly install normalizeTree
8 silly loadCurrentTree Finishing
9 silly loadIdealTree Starting
10 silly install loadIdealTree
11 silly cloneCurrentTree Starting
12 silly install cloneCurrentTreeToIdealTree
13 silly cloneCurrentTree Finishing
14 silly loadShrinkwrap Starting
15 silly install loadShrinkwrap
16 silly loadShrinkwrap Finishing
17 silly loadAllDepsIntoIdealTree Starting
18 silly install loadAllDepsIntoIdealTree
19 silly loadAllDepsIntoIdealTree Finishing
20 silly idealTree:prePrune Crowbar-Angular@0.0.0
20 silly idealTree:prePrune ├── accepts@1.2.13
20 silly idealTree:prePrune ├─┬ accord@0.23.0
20 silly idealTree:prePrune │ ├── glob@7.0.3
20 silly idealTree:prePrune │ ├── lodash@4.11.2
20 silly idealTree:prePrune │ └── semver@5.1.0
20 silly idealTree:prePrune ├── acorn-globals@1.0.9
20 silly idealTree:prePrune ├── acorn@2.7.0
20 silly idealTree:prePrune ├── align-text@0.1.4
20 silly idealTree:prePrune ├── amdefine@1.0.0
20 silly idealTree:prePrune ├── ansi-escapes@1.4.0
20 silly idealTree:prePrune ├── ansi-regex@2.0.0
20 silly idealTree:prePrune ├── ansi-styles@2.2.1
20 silly idealTree:prePrune ├── archive-type@3.2.0
20 silly idealTree:prePrune ├── archy@1.0.0
20 silly idealTree:prePrune ├── argparse@1.0.7
20 silly idealTree:prePrune ├── arr-diff@2.0.0
20 silly idealTree:prePrune ├── arr-flatten@1.0.1
20 silly idealTree:prePrune ├── array-differ@1.0.0
20 silly idealTree:prePrune ├── array-find-index@1.0.1
20 silly idealTree:prePrune ├── array-flatten@1.1.1
20 silly idealTree:prePrune ├── array-union@1.0.2
20 silly idealTree:prePrune ├── array-uniq@1.0.3
20 silly idealTree:prePrune ├── array-unique@0.2.1
20 silly idealTree:prePrune ├── arrify@1.0.1
20 silly idealTree:prePrune ├── asap@1.0.0
20 silly idealTree:prePrune ├── async-each-series@1.1.0
20 silly idealTree:prePrune ├── async@0.2.10
20 silly idealTree:prePrune ├── balanced-match@0.4.1
20 silly idealTree:prePrune ├── basic-auth@1.0.4
20 silly idealTree:prePrune ├── beeper@1.1.0
20 silly idealTree:prePrune ├── bin-build@2.2.0
20 silly idealTree:prePrune ├── bin-check@2.0.0
20 silly idealTree:prePrune ├── bin-version-check@2.1.0
20 silly idealTree:prePrune ├── bin-version@1.0.4
20 silly idealTree:prePrune ├── bin-wrapper@3.0.2
20 silly idealTree:prePrune ├─┬ bl@1.1.2
20 silly idealTree:prePrune │ ├── isarray@1.0.0
20 silly idealTree:prePrune │ └── readable-stream@2.0.6
20 silly idealTree:prePrune ├── bluebird@3.4.1
20 silly idealTree:prePrune ├── body-parser@1.13.3
20 silly idealTree:prePrune ├── bower@1.7.9
20 silly idealTree:prePrune ├── brace-expansion@1.1.5
20 silly idealTree:prePrune ├── braces@1.8.5
20 silly idealTree:prePrune ├── buffer-crc32@0.2.5
20 silly idealTree:prePrune ├── buffer-shims@1.0.0
20 silly idealTree:prePrune ├─┬ buffer-to-vinyl@1.1.0
20 silly idealTree:prePrune │ ├── isarray@1.0.0
20 silly idealTree:prePrune │ ├── readable-stream@2.1.4
20 silly idealTree:prePrune │ └── vinyl@1.1.1
20 silly idealTree:prePrune ├── bufferstreams@1.0.1
20 silly idealTree:prePrune ├── builtin-modules@1.1.1
20 silly idealTree:prePrune ├── bytes@2.1.0
20 silly idealTree:prePrune ├─┬ cache-swap@0.2.3
20 silly idealTree:prePrune │ └── object-assign@4.1.0
20 silly idealTree:prePrune ├── camelcase-keys@2.1.0
20 silly idealTree:prePrune ├── camelcase@2.1.1
20 silly idealTree:prePrune ├── capture-stack-trace@1.0.0
20 silly idealTree:prePrune ├── caw@1.2.0
20 silly idealTree:prePrune ├── center-align@0.1.3
20 silly idealTree:prePrune ├── chalk@1.1.3
20 silly idealTree:prePrune ├── character-parser@1.2.1
20 silly idealTree:prePrune ├── clap@1.1.1
20 silly idealTree:prePrune ├─┬ clean-css@3.4.18
20 silly idealTree:prePrune │ └── source-map@0.4.4
20 silly idealTree:prePrune ├── cli-cursor@1.0.2
20 silly idealTree:prePrune ├── cli-width@1.1.1
20 silly idealTree:prePrune ├── cliui@3.2.0
20 silly idealTree:prePrune ├── clone-stats@0.0.1
20 silly idealTree:prePrune ├── clone@1.0.2
20 silly idealTree:prePrune ├── co@3.1.0
20 silly idealTree:prePrune ├── coa@1.0.1
20 silly idealTree:prePrune ├── code-point-at@1.0.0
20 silly idealTree:prePrune ├── colors@1.1.2
20 silly idealTree:prePrune ├── commander@2.8.1
20 silly idealTree:prePrune ├── concat-map@0.0.1
20 silly idealTree:prePrune ├─┬ concat-stream@1.5.1
20 silly idealTree:prePrune │ ├── isarray@1.0.0
20 silly idealTree:prePrune │ └── readable-stream@2.0.6
20 silly idealTree:prePrune ├── concat-with-sourcemaps@1.0.4
20 silly idealTree:prePrune ├── console-stream@0.1.1
20 silly idealTree:prePrune ├── constantinople@3.0.2
20 silly idealTree:prePrune ├── content-disposition@0.5.1
20 silly idealTree:prePrune ├── content-type@1.0.2
20 silly idealTree:prePrune ├── convert-source-map@1.2.0
20 silly idealTree:prePrune ├── cookie-parser@1.3.5
20 silly idealTree:prePrune ├── cookie-signature@1.0.6
20 silly idealTree:prePrune ├── cookie@0.1.3
20 silly idealTree:prePrune ├── core-util-is@1.0.2
20 silly idealTree:prePrune ├── create-error-class@3.0.2
20 silly idealTree:prePrune ├─┬ cross-spawn-async@2.2.4
20 silly idealTree:prePrune │ └── lru-cache@4.0.1
20 silly idealTree:prePrune ├── css-parse@1.0.4
20 silly idealTree:prePrune ├── css-stringify@1.0.5
20 silly idealTree:prePrune ├── css@1.0.8
20 silly idealTree:prePrune ├── csso@2.0.0
20 silly idealTree:prePrune ├── currently-unhandled@0.4.1
20 silly idealTree:prePrune ├── dateformat@1.0.12
20 silly idealTree:prePrune ├── deap@1.0.0
20 silly idealTree:prePrune ├── debug@2.2.0
20 silly idealTree:prePrune ├── decamelize@1.2.0
20 silly idealTree:prePrune ├─┬ decompress-tar@3.1.0
20 silly idealTree:prePrune │ ├── clone@0.2.0
20 silly idealTree:prePrune │ ├── object-assign@2.1.1
20 silly idealTree:prePrune │ ├── readable-stream@1.0.34
20 silly idealTree:prePrune │ ├── through2@0.6.5
20 silly idealTree:prePrune │ └── vinyl@0.4.6
20 silly idealTree:prePrune ├─┬ decompress-tarbz2@3.1.0
20 silly idealTree:prePrune │ ├── clone@0.2.0
20 silly idealTree:prePrune │ ├── object-assign@2.1.1
20 silly idealTree:prePrune │ ├── readable-stream@1.0.34
20 silly idealTree:prePrune │ ├── through2@0.6.5
20 silly idealTree:prePrune │ └── vinyl@0.4.6
20 silly idealTree:prePrune ├─┬ decompress-targz@3.1.0
20 silly idealTree:prePrune │ ├── clone@0.2.0
20 silly idealTree:prePrune │ ├── object-assign@2.1.1
20 silly idealTree:prePrune │ ├── readable-stream@1.0.34
20 silly idealTree:prePrune │ ├── through2@0.6.5
20 silly idealTree:prePrune │ └── vinyl@0.4.6
20 silly idealTree:prePrune ├─┬ decompress-unzip@3.4.0
20 silly idealTree:prePrune │ └── vinyl@1.1.1
20 silly idealTree:prePrune ├─┬ decompress@3.0.0
20 silly idealTree:prePrune │ ├── extend@3.0.0
20 silly idealTree:prePrune │ ├─┬ glob-stream@5.3.2
20 silly idealTree:prePrune │ │ ├── isarray@0.0.1
20 silly idealTree:prePrune │ │ ├── readable-stream@1.0.34
20 silly idealTree:prePrune │ │ └── through2@0.6.5
20 silly idealTree:prePrune │ ├── isarray@1.0.0
20 silly idealTree:prePrune │ ├── merge-stream@1.0.0
20 silly idealTree:prePrune │ ├── object-assign@4.1.0
20 silly idealTree:prePrune │ ├── ordered-read-streams@0.3.0
20 silly idealTree:prePrune │ ├── readable-stream@2.1.4
20 silly idealTree:prePrune │ ├── unique-stream@2.2.1
20 silly idealTree:prePrune │ ├── vinyl-fs@2.4.3
20 silly idealTree:prePrune │ └── vinyl@1.1.1
20 silly idealTree:prePrune ├── deep-extend@0.4.1
20 silly idealTree:prePrune ├── defaults@1.0.3
20 silly idealTree:prePrune ├── depd@1.0.1
20 silly idealTree:prePrune ├── deprecated@0.0.1
20 silly idealTree:prePrune ├── destroy@1.0.4
20 silly idealTree:prePrune ├─┬ download@4.4.3
20 silly idealTree:prePrune │ ├── extend@3.0.0
20 silly idealTree:prePrune │ ├─┬ glob-stream@5.3.2
20 silly idealTree:prePrune │ │ ├── isarray@0.0.1
20 silly idealTree:prePrune │ │ ├── readable-stream@1.0.34
20 silly idealTree:prePrune │ │ └── through2@0.6.5
20 silly idealTree:prePrune │ ├── isarray@1.0.0
20 silly idealTree:prePrune │ ├── merge-stream@1.0.0
20 silly idealTree:prePrune │ ├── object-assign@4.1.0
20 silly idealTree:prePrune │ ├── ordered-read-streams@0.3.0
20 silly idealTree:prePrune │ ├── readable-stream@2.1.4
20 silly idealTree:prePrune │ ├── unique-stream@2.2.1
20 silly idealTree:prePrune │ ├── vinyl-fs@2.4.3
20 silly idealTree:prePrune │ └── vinyl@1.1.1
20 silly idealTree:prePrune ├── duplexer2@0.0.2
20 silly idealTree:prePrune ├─┬ duplexify@3.4.3
20 silly idealTree:prePrune │ ├── end-of-stream@1.0.0
20 silly idealTree:prePrune │ ├── isarray@1.0.0
20 silly idealTree:prePrune │ └── readable-stream@2.1.4
20 silly idealTree:prePrune ├── each-async@1.1.1
20 silly idealTree:prePrune ├── ee-first@1.1.1
20 silly idealTree:prePrune ├── end-of-stream@0.1.5
20 silly idealTree:prePrune ├── errno@0.1.4
20 silly idealTree:prePrune ├── error-ex@1.3.0
20 silly idealTree:prePrune ├── escape-html@1.0.3
20 silly idealTree:prePrune ├── escape-string-regexp@1.0.5
20 silly idealTree:prePrune ├── esprima@2.7.2
20 silly idealTree:prePrune ├── etag@1.7.0
20 silly idealTree:prePrune ├── exec-buffer@3.0.0
20 silly idealTree:prePrune ├── exec-series@1.0.2
20 silly idealTree:prePrune ├─┬ execa@0.3.0
20 silly idealTree:prePrune │ └── object-assign@4.1.0
20 silly idealTree:prePrune ├── executable@1.1.0
20 silly idealTree:prePrune ├── exit-hook@1.1.1
20 silly idealTree:prePrune ├── expand-brackets@0.1.5
20 silly idealTree:prePrune ├── expand-range@1.8.2
20 silly idealTree:prePrune ├─┬ express@4.13.4
20 silly idealTree:prePrune │ ├── cookie@0.1.5
20 silly idealTree:prePrune │ └── depd@1.1.0
20 silly idealTree:prePrune ├── extend-shallow@2.0.1
20 silly idealTree:prePrune ├── extend@2.0.1
20 silly idealTree:prePrune ├── extglob@0.3.2
20 silly idealTree:prePrune ├── fancy-log@1.2.0
20 silly idealTree:prePrune ├── fd-slicer@1.0.1
20 silly idealTree:prePrune ├─┬ figures@1.7.0
20 silly idealTree:prePrune │ └── object-assign@4.1.0
20 silly idealTree:prePrune ├── file-type@3.8.0
20 silly idealTree:prePrune ├── filename-regex@2.0.0
20 silly idealTree:prePrune ├── filename-reserved-regex@1.0.0
20 silly idealTree:prePrune ├── filenamify@1.2.1
20 silly idealTree:prePrune ├── fill-range@2.2.3
20 silly idealTree:prePrune ├── finalhandler@0.4.1
20 silly idealTree:prePrune ├── find-index@0.1.1
20 silly idealTree:prePrune ├── find-up@1.1.2
20 silly idealTree:prePrune ├── find-versions@1.2.1
20 silly idealTree:prePrune ├── findup-sync@0.3.0
20 silly idealTree:prePrune ├── first-chunk-stream@1.0.0
20 silly idealTree:prePrune ├── flagged-respawn@0.3.2
20 silly idealTree:prePrune ├─┬ fobject@0.0.4
20 silly idealTree:prePrune │ └── semver@5.1.0
20 silly idealTree:prePrune ├── for-in@0.1.5
20 silly idealTree:prePrune ├── for-own@0.1.4
20 silly idealTree:prePrune ├── foreachasync@3.0.0
20 silly idealTree:prePrune ├── fork-stream@0.0.4
20 silly idealTree:prePrune ├── forwarded@0.1.0
20 silly idealTree:prePrune ├── fresh@0.3.0
20 silly idealTree:prePrune ├── fs.realpath@1.0.0
20 silly idealTree:prePrune ├── gaze@0.5.2
20 silly idealTree:prePrune ├── get-proxy@1.1.0
20 silly idealTree:prePrune ├── get-stdin@4.0.1
20 silly idealTree:prePrune ├── gifsicle@3.0.3
20 silly idealTree:prePrune ├── glob-base@0.3.0
20 silly idealTree:prePrune ├── glob-parent@2.0.0
20 silly idealTree:prePrune ├─┬ glob-stream@3.1.18
20 silly idealTree:prePrune │ ├── glob@4.5.3
20 silly idealTree:prePrune │ ├── minimatch@2.0.10
20 silly idealTree:prePrune │ ├── readable-stream@1.0.34
20 silly idealTree:prePrune │ └── through2@0.6.5
20 silly idealTree:prePrune ├── glob-watcher@0.0.6
20 silly idealTree:prePrune ├── glob2base@0.0.12
20 silly idealTree:prePrune ├── glob@5.0.15
20 silly idealTree:prePrune ├─┬ globby@4.1.0
20 silly idealTree:prePrune │ ├── glob@6.0.4
20 silly idealTree:prePrune │ └── object-assign@4.1.0
20 silly idealTree:prePrune ├─┬ globule@0.1.0
20 silly idealTree:prePrune │ ├── glob@3.1.21
20 silly idealTree:prePrune │ ├── graceful-fs@1.2.3
20 silly idealTree:prePrune │ ├── inherits@1.0.2
20 silly idealTree:prePrune │ └── minimatch@0.2.14
20 silly idealTree:prePrune ├── glogg@1.0.0
20 silly idealTree:prePrune ├─┬ got@5.6.0
20 silly idealTree:prePrune │ ├── duplexer2@0.1.4
20 silly idealTree:prePrune │ ├── isarray@1.0.0
20 silly idealTree:prePrune │ ├── object-assign@4.1.0
20 silly idealTree:prePrune │ └── readable-stream@2.1.4
20 silly idealTree:prePrune ├── graceful-fs@4.1.4
20 silly idealTree:prePrune ├── graceful-readlink@1.0.1
20 silly idealTree:prePrune ├─┬ gulp-bower@0.0.13
20 silly idealTree:prePrune │ ├── readable-stream@1.0.34
20 silly idealTree:prePrune │ └── through2@0.6.2
20 silly idealTree:prePrune ├─┬ gulp-cache@0.4.5
20 silly idealTree:prePrune │ ├── isarray@1.0.0
20 silly idealTree:prePrune │ ├── object-assign@4.1.0
20 silly idealTree:prePrune │ ├── readable-stream@2.1.4
20 silly idealTree:prePrune │ └── vinyl@1.1.1
20 silly idealTree:prePrune ├─┬ gulp-clean@0.3.2
20 silly idealTree:prePrune │ ├── ansi-regex@0.2.1
20 silly idealTree:prePrune │ ├── ansi-styles@1.1.0
20 silly idealTree:prePrune │ ├── chalk@0.5.1
20 silly idealTree:prePrune │ ├─┬ gulp-util@2.2.20
20 silly idealTree:prePrune │ │ └── through2@0.5.1
20 silly idealTree:prePrune │ ├── has-ansi@0.1.0
20 silly idealTree:prePrune │ ├── lodash._reinterpolate@2.4.1
20 silly idealTree:prePrune │ ├── lodash.escape@2.4.1
20 silly idealTree:prePrune │ ├── lodash.keys@2.4.1
20 silly idealTree:prePrune │ ├── lodash.template@2.4.1
20 silly idealTree:prePrune │ ├── lodash.templatesettings@2.4.1
20 silly idealTree:prePrune │ ├── minimist@0.2.0
20 silly idealTree:prePrune │ ├── readable-stream@1.0.34
20 silly idealTree:prePrune │ ├── strip-ansi@0.3.0
20 silly idealTree:prePrune │ ├── supports-color@0.2.0
20 silly idealTree:prePrune │ ├─┬ through2@0.4.2
20 silly idealTree:prePrune │ │ └── xtend@2.1.2
20 silly idealTree:prePrune │ ├── vinyl@0.2.3
20 silly idealTree:prePrune │ └── xtend@3.0.0
20 silly idealTree:prePrune ├─┬ gulp-concat@2.6.0
20 silly idealTree:prePrune │ ├── readable-stream@1.0.34
20 silly idealTree:prePrune │ └── through2@0.6.5
20 silly idealTree:prePrune ├─┬ gulp-debug@2.1.2
20 silly idealTree:prePrune │ └── object-assign@4.1.0
20 silly idealTree:prePrune ├─┬ gulp-decompress@1.2.0
20 silly idealTree:prePrune │ ├── isarray@1.0.0
20 silly idealTree:prePrune │ └── readable-stream@2.1.4
20 silly idealTree:prePrune ├── gulp-environments@0.1.1
20 silly idealTree:prePrune ├── gulp-filter@4.0.0
20 silly idealTree:prePrune ├─┬ gulp-if@1.2.5
20 silly idealTree:prePrune │ ├── readable-stream@1.0.34
20 silly idealTree:prePrune │ └── through2@0.6.5
20 silly idealTree:prePrune ├── gulp-imagemin@3.0.1
20 silly idealTree:prePrune ├── gulp-jade@1.1.0
20 silly idealTree:prePrune ├─┬ gulp-less-import@1.0.0
20 silly idealTree:prePrune │ ├── readable-stream@1.0.34
20 silly idealTree:prePrune │ └── through2@0.6.5
20 silly idealTree:prePrune ├─┬ gulp-less@3.1.0
20 silly idealTree:prePrune │ └── object-assign@4.1.0
20 silly idealTree:prePrune ├─┬ gulp-match@0.2.1
20 silly idealTree:prePrune │ └── minimatch@1.0.0
20 silly idealTree:prePrune ├─┬ gulp-minify-css@1.2.4
20 silly idealTree:prePrune │ ├── isarray@1.0.0
20 silly idealTree:prePrune │ ├── object-assign@4.1.0
20 silly idealTree:prePrune │ └── readable-stream@2.1.4
20 silly idealTree:prePrune ├── gulp-rename@1.2.2
20 silly idealTree:prePrune ├─┬ gulp-sourcemaps@1.6.0
20 silly idealTree:prePrune │ └── vinyl@1.1.1
20 silly idealTree:prePrune ├─┬ gulp-uglify@1.5.3
20 silly idealTree:prePrune │ ├── camelcase@1.2.1
20 silly idealTree:prePrune │ ├── cliui@2.1.0
20 silly idealTree:prePrune │ ├── uglify-js@2.6.2
20 silly idealTree:prePrune │ ├── window-size@0.1.0
20 silly idealTree:prePrune │ ├── wordwrap@0.0.2
20 silly idealTree:prePrune │ └── yargs@3.10.0
20 silly idealTree:prePrune ├── gulp-util@3.0.7
20 silly idealTree:prePrune ├── gulp@3.9.1
20 silly idealTree:prePrune ├── gulplog@1.0.0
20 silly idealTree:prePrune ├── has-ansi@2.0.0
20 silly idealTree:prePrune ├── has-gulplog@0.1.0
20 silly idealTree:prePrune ├── hosted-git-info@2.1.5
20 silly idealTree:prePrune ├── html-comment-regex@1.1.0
20 silly idealTree:prePrune ├── http-errors@1.3.1
20 silly idealTree:prePrune ├── iconv-lite@0.4.11
20 silly idealTree:prePrune ├── image-size@0.5.0
20 silly idealTree:prePrune ├── imagemin-gifsicle@5.1.0
20 silly idealTree:prePrune ├── imagemin-jpegtran@5.0.2
20 silly idealTree:prePrune ├── imagemin-optipng@5.1.0
20 silly idealTree:prePrune ├── imagemin-svgo@5.1.0
20 silly idealTree:prePrune ├── imagemin@5.2.1
20 silly idealTree:prePrune ├── indent-string@2.1.0
20 silly idealTree:prePrune ├── indx@0.2.3
20 silly idealTree:prePrune ├── inflight@1.0.5
20 silly idealTree:prePrune ├── inherits@2.0.1
20 silly idealTree:prePrune ├── ini@1.3.4
20 silly idealTree:prePrune ├─┬ inquirer@0.11.4
20 silly idealTree:prePrune │ └── lodash@3.10.1
20 silly idealTree:prePrune ├── interpret@1.0.1
20 silly idealTree:prePrune ├── invert-kv@1.0.0
20 silly idealTree:prePrune ├── ip-regex@1.0.3
20 silly idealTree:prePrune ├── ipaddr.js@1.0.5
20 silly idealTree:prePrune ├── irregular-plurals@1.2.0
20 silly idealTree:prePrune ├── is-absolute@0.1.7
20 silly idealTree:prePrune ├── is-arrayish@0.2.1
20 silly idealTree:prePrune ├── is-buffer@1.1.3
20 silly idealTree:prePrune ├── is-builtin-module@1.0.0
20 silly idealTree:prePrune ├── is-bzip2@1.0.0
20 silly idealTree:prePrune ├── is-dotfile@1.0.2
20 silly idealTree:prePrune ├── is-equal-shallow@0.1.3
20 silly idealTree:prePrune ├── is-extendable@0.1.1
20 silly idealTree:prePrune ├── is-extglob@1.0.0
20 silly idealTree:prePrune ├── is-finite@1.0.1
20 silly idealTree:prePrune ├── is-fullwidth-code-point@1.0.0
20 silly idealTree:prePrune ├── is-gif@1.0.0
20 silly idealTree:prePrune ├── is-glob@2.0.1
20 silly idealTree:prePrune ├── is-gzip@1.0.0
20 silly idealTree:prePrune ├── is-jpg@1.0.0
20 silly idealTree:prePrune ├── is-natural-number@2.1.1
20 silly idealTree:prePrune ├── is-number@2.1.0
20 silly idealTree:prePrune ├── is-obj@1.0.1
20 silly idealTree:prePrune ├── is-plain-obj@1.1.0
20 silly idealTree:prePrune ├── is-png@1.0.0
20 silly idealTree:prePrune ├── is-posix-bracket@0.1.1
20 silly idealTree:prePrune ├── is-primitive@2.0.0
20 silly idealTree:prePrune ├── is-promise@2.1.0
20 silly idealTree:prePrune ├── is-redirect@1.0.0
20 silly idealTree:prePrune ├── is-regexp@1.0.0
20 silly idealTree:prePrune ├── is-relative@0.1.3
20 silly idealTree:prePrune ├── is-retry-allowed@1.0.0
20 silly idealTree:prePrune ├── is-stream@1.1.0
20 silly idealTree:prePrune ├── is-svg@2.0.1
20 silly idealTree:prePrune ├── is-tar@1.0.0
20 silly idealTree:prePrune ├── is-url@1.2.1
20 silly idealTree:prePrune ├── is-utf8@0.2.1
20 silly idealTree:prePrune ├── is-valid-glob@0.3.0
20 silly idealTree:prePrune ├── is-zip@1.0.0
20 silly idealTree:prePrune ├── isarray@0.0.1
20 silly idealTree:prePrune ├── isexe@1.1.2
20 silly idealTree:prePrune ├─┬ isobject@2.1.0
20 silly idealTree:prePrune │ └── isarray@1.0.0
20 silly idealTree:prePrune ├─┬ jade@1.11.0
20 silly idealTree:prePrune │ └── commander@2.6.0
20 silly idealTree:prePrune ├── jpegtran-bin@3.0.6
20 silly idealTree:prePrune ├── js-yaml@3.6.1
20 silly idealTree:prePrune ├── json-stable-stringify@1.0.1
20 silly idealTree:prePrune ├── jsonify@0.0.0
20 silly idealTree:prePrune ├── jstransformer@0.0.2
20 silly idealTree:prePrune ├── kind-of@3.0.3
20 silly idealTree:prePrune ├── lazy-cache@1.0.4
20 silly idealTree:prePrune ├── lazy-req@1.1.0
20 silly idealTree:prePrune ├─┬ lazystream@1.0.0
20 silly idealTree:prePrune │ ├── isarray@1.0.0
20 silly idealTree:prePrune │ └── readable-stream@2.1.4
20 silly idealTree:prePrune ├── lcid@1.0.0
20 silly idealTree:prePrune ├─┬ less@2.7.1
20 silly idealTree:prePrune │ ├── asap@2.0.4
20 silly idealTree:prePrune │ └── promise@7.1.1
20 silly idealTree:prePrune ├── liftoff@2.2.1
20 silly idealTree:prePrune ├── load-json-file@1.1.0
20 silly idealTree:prePrune ├── lodash._basecopy@3.0.1
20 silly idealTree:prePrune ├── lodash._basetostring@3.0.1
20 silly idealTree:prePrune ├── lodash._basevalues@3.0.0
20 silly idealTree:prePrune ├── lodash._escapehtmlchar@2.4.1
20 silly idealTree:prePrune ├── lodash._escapestringchar@2.4.1
20 silly idealTree:prePrune ├── lodash._getnative@3.9.1
20 silly idealTree:prePrune ├── lodash._htmlescapes@2.4.1
20 silly idealTree:prePrune ├── lodash._isiterateecall@3.0.9
20 silly idealTree:prePrune ├── lodash._isnative@2.4.1
20 silly idealTree:prePrune ├── lodash._objecttypes@2.4.1
20 silly idealTree:prePrune ├── lodash._reescape@3.0.0
20 silly idealTree:prePrune ├── lodash._reevaluate@3.0.0
20 silly idealTree:prePrune ├── lodash._reinterpolate@3.0.0
20 silly idealTree:prePrune ├─┬ lodash._reunescapedhtml@2.4.1
20 silly idealTree:prePrune │ └── lodash.keys@2.4.1
20 silly idealTree:prePrune ├── lodash._root@3.0.1
20 silly idealTree:prePrune ├── lodash._shimkeys@2.4.1
20 silly idealTree:prePrune ├─┬ lodash.defaults@2.4.1
20 silly idealTree:prePrune │ └── lodash.keys@2.4.1
20 silly idealTree:prePrune ├── lodash.escape@3.2.0
20 silly idealTree:prePrune ├── lodash.isarguments@3.0.8
20 silly idealTree:prePrune ├── lodash.isarray@3.0.4
20 silly idealTree:prePrune ├─┬ lodash.isequal@4.2.0
20 silly idealTree:prePrune │ └── lodash.keys@4.0.7
20 silly idealTree:prePrune ├── lodash.isobject@2.4.1
20 silly idealTree:prePrune ├── lodash.keys@3.1.2
20 silly idealTree:prePrune ├── lodash.restparam@3.6.1
20 silly idealTree:prePrune ├── lodash.template@3.6.2
20 silly idealTree:prePrune ├── lodash.templatesettings@3.1.1
20 silly idealTree:prePrune ├─┬ lodash.values@2.4.1
20 silly idealTree:prePrune │ └── lodash.keys@2.4.1
20 silly idealTree:prePrune ├── lodash@1.0.2
20 silly idealTree:prePrune ├── logalot@2.1.0
20 silly idealTree:prePrune ├── longest@1.0.1
20 silly idealTree:prePrune ├── loud-rejection@1.5.0
20 silly idealTree:prePrune ├── lowercase-keys@1.0.0
20 silly idealTree:prePrune ├── lpad-align@1.1.0
20 silly idealTree:prePrune ├── lpad@2.0.1
20 silly idealTree:prePrune ├── lru-cache@2.7.3
20 silly idealTree:prePrune ├─┬ main-bower-files@2.13.1
20 silly idealTree:prePrune │ ├── async@1.5.2
20 silly idealTree:prePrune │ ├─┬ glob-stream@5.3.2
20 silly idealTree:prePrune │ │ ├── extend@3.0.0
20 silly idealTree:prePrune │ │ ├── isarray@0.0.1
20 silly idealTree:prePrune │ │ ├── readable-stream@1.0.34
20 silly idealTree:prePrune │ │ └── through2@0.6.5
20 silly idealTree:prePrune │ ├── globby@2.1.0
20 silly idealTree:prePrune │ ├── isarray@1.0.0
20 silly idealTree:prePrune │ ├── merge-stream@1.0.0
20 silly idealTree:prePrune │ ├── ordered-read-streams@0.3.0
20 silly idealTree:prePrune │ ├── path-exists@1.0.0
20 silly idealTree:prePrune │ ├── readable-stream@2.1.4
20 silly idealTree:prePrune │ ├── unique-stream@2.2.1
20 silly idealTree:prePrune │ ├─┬ vinyl-fs@2.4.3
20 silly idealTree:prePrune │ │ └── object-assign@4.1.0
20 silly idealTree:prePrune │ └── vinyl@1.1.1
20 silly idealTree:prePrune ├── map-obj@1.0.1
20 silly idealTree:prePrune ├── media-typer@0.3.0
20 silly idealTree:prePrune ├─┬ meow@3.7.0
20 silly idealTree:prePrune │ └── object-assign@4.1.0
20 silly idealTree:prePrune ├── merge-descriptors@1.0.1
20 silly idealTree:prePrune ├─┬ merge-stream@0.1.8
20 silly idealTree:prePrune │ ├── readable-stream@1.0.34
20 silly idealTree:prePrune │ └── through2@0.6.5
20 silly idealTree:prePrune ├── methods@1.1.2
20 silly idealTree:prePrune ├── micromatch@2.3.8
20 silly idealTree:prePrune ├── mime-db@1.23.0
20 silly idealTree:prePrune ├── mime-types@2.1.11
20 silly idealTree:prePrune ├── mime@1.3.4
20 silly idealTree:prePrune ├── minimatch@3.0.2
20 silly idealTree:prePrune ├── minimist@1.2.0
20 silly idealTree:prePrune ├─┬ mkdirp@0.5.1
20 silly idealTree:prePrune │ └── minimist@0.0.8
20 silly idealTree:prePrune ├── morgan@1.6.1
20 silly idealTree:prePrune ├── ms@0.7.1
20 silly idealTree:prePrune ├── multimatch@2.1.0
20 silly idealTree:prePrune ├── multipipe@0.1.2
20 silly idealTree:prePrune ├── mute-stream@0.0.5
20 silly idealTree:prePrune ├── negotiator@0.5.3
20 silly idealTree:prePrune ├── node-status-codes@1.0.0
20 silly idealTree:prePrune ├── normalize-package-data@2.3.5
20 silly idealTree:prePrune ├── normalize-path@2.0.1
20 silly idealTree:prePrune ├── npm-run-path@1.0.0
20 silly idealTree:prePrune ├── number-is-nan@1.0.0
20 silly idealTree:prePrune ├── object-assign@3.0.0
20 silly idealTree:prePrune ├── object-keys@0.4.0
20 silly idealTree:prePrune ├── object.omit@2.0.0
20 silly idealTree:prePrune ├── object.pick@1.1.2
20 silly idealTree:prePrune ├── on-finished@2.3.0
20 silly idealTree:prePrune ├── on-headers@1.0.1
20 silly idealTree:prePrune ├── once@1.3.3
20 silly idealTree:prePrune ├── onetime@1.1.0
20 silly idealTree:prePrune ├── optimist@0.3.7
20 silly idealTree:prePrune ├── optipng-bin@3.1.2
20 silly idealTree:prePrune ├── orchestrator@0.3.7
20 silly idealTree:prePrune ├── ordered-read-streams@0.1.0
20 silly idealTree:prePrune ├── os-filter-obj@1.0.3
20 silly idealTree:prePrune ├── os-homedir@1.0.1
20 silly idealTree:prePrune ├── os-locale@1.4.0
20 silly idealTree:prePrune ├── os-tmpdir@1.0.1
20 silly idealTree:prePrune ├── parse-glob@3.0.4
20 silly idealTree:prePrune ├── parse-json@2.2.0
20 silly idealTree:prePrune ├── parseurl@1.3.1
20 silly idealTree:prePrune ├── path-exists@2.1.0
20 silly idealTree:prePrune ├── path-is-absolute@1.0.0
20 silly idealTree:prePrune ├── path-key@1.0.0
20 silly idealTree:prePrune ├── path-to-regexp@0.1.7
20 silly idealTree:prePrune ├── path-type@1.1.0
20 silly idealTree:prePrune ├── pend@1.2.0
20 silly idealTree:prePrune ├── pify@2.3.0
20 silly idealTree:prePrune ├── pinkie-promise@2.0.1
20 silly idealTree:prePrune ├── pinkie@2.0.4
20 silly idealTree:prePrune ├── plur@2.1.2
20 silly idealTree:prePrune ├── prepend-http@1.0.4
20 silly idealTree:prePrune ├── preserve@0.2.0
20 silly idealTree:prePrune ├── pretty-bytes@2.0.1
20 silly idealTree:prePrune ├── pretty-hrtime@1.0.2
20 silly idealTree:prePrune ├── process-nextick-args@1.0.7
20 silly idealTree:prePrune ├── promise.pipe@3.0.0
20 silly idealTree:prePrune ├── promise@6.1.0
20 silly idealTree:prePrune ├── proxy-addr@1.0.10
20 silly idealTree:prePrune ├── prr@0.0.0
20 silly idealTree:prePrune ├── pseudomap@1.0.2
20 silly idealTree:prePrune ├── q@1.4.1
20 silly idealTree:prePrune ├── qs@4.0.0
20 silly idealTree:prePrune ├── randomatic@1.1.5
20 silly idealTree:prePrune ├── range-parser@1.0.3
20 silly idealTree:prePrune ├─┬ raw-body@2.1.7
20 silly idealTree:prePrune │ ├── bytes@2.4.0
20 silly idealTree:prePrune │ └── iconv-lite@0.4.13
20 silly idealTree:prePrune ├── rc@1.1.6
20 silly idealTree:prePrune ├─┬ read-all-stream@3.1.0
20 silly idealTree:prePrune │ ├── isarray@1.0.0
20 silly idealTree:prePrune │ └── readable-stream@2.1.4
20 silly idealTree:prePrune ├── read-pkg-up@1.0.1
20 silly idealTree:prePrune ├── read-pkg@1.1.0
20 silly idealTree:prePrune ├── readable-stream@1.1.14
20 silly idealTree:prePrune ├── readline2@1.0.1
20 silly idealTree:prePrune ├── rechoir@0.6.2
20 silly idealTree:prePrune ├── redent@1.0.0
20 silly idealTree:prePrune ├── regex-cache@0.4.3
20 silly idealTree:prePrune ├── repeat-element@1.1.2
20 silly idealTree:prePrune ├── repeat-string@1.5.4
20 silly idealTree:prePrune ├── repeating@2.0.1
20 silly idealTree:prePrune ├── replace-ext@0.0.1
20 silly idealTree:prePrune ├── require-dir@0.3.0
20 silly idealTree:prePrune ├── resolve@1.1.7
20 silly idealTree:prePrune ├── restore-cursor@1.0.1
20 silly idealTree:prePrune ├── right-align@0.1.3
20 silly idealTree:prePrune ├─┬ rimraf@2.5.2
20 silly idealTree:prePrune │ └── glob@7.0.4
20 silly idealTree:prePrune ├── run-async@0.1.0
20 silly idealTree:prePrune ├── rx-lite@3.1.2
20 silly idealTree:prePrune ├── sax@1.2.1
20 silly idealTree:prePrune ├── seek-bzip@1.0.5
20 silly idealTree:prePrune ├── semver-regex@1.0.0
20 silly idealTree:prePrune ├─┬ semver-truncate@1.1.0
20 silly idealTree:prePrune │ └── semver@5.1.0
20 silly idealTree:prePrune ├── semver@4.3.6
20 silly idealTree:prePrune ├─┬ send@0.13.1
20 silly idealTree:prePrune │ ├── depd@1.1.0
20 silly idealTree:prePrune │ └── statuses@1.2.1
20 silly idealTree:prePrune ├── sequencify@0.0.7
20 silly idealTree:prePrune ├── serve-favicon@2.3.0
20 silly idealTree:prePrune ├─┬ serve-static@1.10.3
20 silly idealTree:prePrune │ ├── depd@1.1.0
20 silly idealTree:prePrune │ ├── send@0.13.2
20 silly idealTree:prePrune │ └── statuses@1.2.1
20 silly idealTree:prePrune ├── set-immediate-shim@1.0.1
20 silly idealTree:prePrune ├── sigmund@1.0.1
20 silly idealTree:prePrune ├── signal-exit@3.0.0
20 silly idealTree:prePrune ├── source-map@0.5.6
20 silly idealTree:prePrune ├── sparkles@1.0.0
20 silly idealTree:prePrune ├── spdx-correct@1.0.2
20 silly idealTree:prePrune ├── spdx-exceptions@1.0.4
20 silly idealTree:prePrune ├── spdx-expression-parse@1.0.2
20 silly idealTree:prePrune ├── spdx-license-ids@1.2.1
20 silly idealTree:prePrune ├── sprintf-js@1.0.3
20 silly idealTree:prePrune ├── squeak@1.3.0
20 silly idealTree:prePrune ├── stat-mode@0.2.1
20 silly idealTree:prePrune ├── statuses@1.3.0
20 silly idealTree:prePrune ├─┬ stream-combiner2@1.1.1
20 silly idealTree:prePrune │ ├── duplexer2@0.1.4
20 silly idealTree:prePrune │ ├── isarray@1.0.0
20 silly idealTree:prePrune │ └── readable-stream@2.1.4
20 silly idealTree:prePrune ├── stream-consume@0.1.0
20 silly idealTree:prePrune ├─┬ streamfilter@1.0.5
20 silly idealTree:prePrune │ ├── isarray@1.0.0
20 silly idealTree:prePrune │ └── readable-stream@2.1.4
20 silly idealTree:prePrune ├── string-width@1.0.1
20 silly idealTree:prePrune ├── string_decoder@0.10.31
20 silly idealTree:prePrune ├── stringify-object@2.4.0
20 silly idealTree:prePrune ├── strip-ansi@3.0.1
20 silly idealTree:prePrune ├── strip-bom-stream@1.0.0
20 silly idealTree:prePrune ├── strip-bom@2.0.0
20 silly idealTree:prePrune ├── strip-dirs@1.1.1
20 silly idealTree:prePrune ├── strip-eof@1.0.0
20 silly idealTree:prePrune ├── strip-indent@1.0.1
20 silly idealTree:prePrune ├── strip-json-comments@1.0.4
20 silly idealTree:prePrune ├── strip-outer@1.0.0
20 silly idealTree:prePrune ├── sum-up@1.0.3
20 silly idealTree:prePrune ├── supports-color@2.0.0
20 silly idealTree:prePrune ├── svgo@0.6.6
20 silly idealTree:prePrune ├─┬ tar-stream@1.5.2
20 silly idealTree:prePrune │ ├── end-of-stream@1.1.0
20 silly idealTree:prePrune │ ├── isarray@1.0.0
20 silly idealTree:prePrune │ └── readable-stream@2.1.4
20 silly idealTree:prePrune ├── tempfile@1.1.1
20 silly idealTree:prePrune ├─┬ ternary-stream@1.2.3
20 silly idealTree:prePrune │ ├── readable-stream@1.0.34
20 silly idealTree:prePrune │ └── through2@0.6.5
20 silly idealTree:prePrune ├── through2-concurrent@1.1.1
20 silly idealTree:prePrune ├── through2-filter@2.0.0
20 silly idealTree:prePrune ├─┬ through2@2.0.1
20 silly idealTree:prePrune │ ├── isarray@1.0.0
20 silly idealTree:prePrune │ └── readable-stream@2.0.6
20 silly idealTree:prePrune ├── through@2.3.8
20 silly idealTree:prePrune ├── tildify@1.2.0
20 silly idealTree:prePrune ├── time-stamp@1.0.1
20 silly idealTree:prePrune ├── timed-out@2.0.0
20 silly idealTree:prePrune ├── to-absolute-glob@0.1.1
20 silly idealTree:prePrune ├─┬ transformers@2.1.0
20 silly idealTree:prePrune │ ├── is-promise@1.0.1
20 silly idealTree:prePrune │ ├── promise@2.0.0
20 silly idealTree:prePrune │ ├── source-map@0.1.43
20 silly idealTree:prePrune │ └── uglify-js@2.2.5
20 silly idealTree:prePrune ├── trim-newlines@1.0.0
20 silly idealTree:prePrune ├── trim-repeated@1.0.0
20 silly idealTree:prePrune ├── try-json-parse@0.1.1
20 silly idealTree:prePrune ├── tunnel-agent@0.4.3
20 silly idealTree:prePrune ├── type-is@1.6.13
20 silly idealTree:prePrune ├── typedarray@0.0.6
20 silly idealTree:prePrune ├─┬ uglify-js@2.6.3
20 silly idealTree:prePrune │ ├── camelcase@1.2.1
20 silly idealTree:prePrune │ ├── cliui@2.1.0
20 silly idealTree:prePrune │ ├── window-size@0.1.0
20 silly idealTree:prePrune │ ├── wordwrap@0.0.2
20 silly idealTree:prePrune │ └── yargs@3.10.0
20 silly idealTree:prePrune ├── uglify-save-license@0.4.1
20 silly idealTree:prePrune ├── uglify-to-browserify@1.0.2
20 silly idealTree:prePrune ├── unique-stream@1.0.0
20 silly idealTree:prePrune ├── unpipe@1.0.0
20 silly idealTree:prePrune ├── unzip-response@1.0.0
20 silly idealTree:prePrune ├── url-parse-lax@1.0.0
20 silly idealTree:prePrune ├── url-regex@3.2.0
20 silly idealTree:prePrune ├── user-home@1.1.1
20 silly idealTree:prePrune ├── util-deprecate@1.0.2
20 silly idealTree:prePrune ├── utils-merge@1.0.0
20 silly idealTree:prePrune ├── uuid@2.0.2
20 silly idealTree:prePrune ├── v8flags@2.0.11
20 silly idealTree:prePrune ├── vali-date@1.0.0
20 silly idealTree:prePrune ├── validate-npm-package-license@3.0.1
20 silly idealTree:prePrune ├── vary@1.0.1
20 silly idealTree:prePrune ├─┬ vinyl-assign@1.2.1
20 silly idealTree:prePrune │ ├── isarray@1.0.0
20 silly idealTree:prePrune │ ├── object-assign@4.1.0
20 silly idealTree:prePrune │ └── readable-stream@2.1.4
20 silly idealTree:prePrune ├── vinyl-bufferstream@1.0.1
20 silly idealTree:prePrune ├─┬ vinyl-fs@0.3.14
20 silly idealTree:prePrune │ ├── clone@0.2.0
20 silly idealTree:prePrune │ ├── graceful-fs@3.0.8
20 silly idealTree:prePrune │ ├── readable-stream@1.0.34
20 silly idealTree:prePrune │ ├── strip-bom@1.0.0
20 silly idealTree:prePrune │ ├── through2@0.6.5
20 silly idealTree:prePrune │ └── vinyl@0.4.6
20 silly idealTree:prePrune ├── vinyl-sourcemaps-apply@0.2.1
20 silly idealTree:prePrune ├── vinyl@0.5.3
20 silly idealTree:prePrune ├── void-elements@2.0.1
20 silly idealTree:prePrune ├── walk@2.3.3
20 silly idealTree:prePrune ├── ware@1.3.0
20 silly idealTree:prePrune ├── when@3.7.7
20 silly idealTree:prePrune ├── whet.extend@0.9.9
20 silly idealTree:prePrune ├── which@1.2.10
20 silly idealTree:prePrune ├── window-size@0.1.4
20 silly idealTree:prePrune ├─┬ with@4.0.3
20 silly idealTree:prePrune │ └── acorn@1.2.2
20 silly idealTree:prePrune ├── wordwrap@0.0.3
20 silly idealTree:prePrune ├── wrap-ansi@2.0.0
20 silly idealTree:prePrune ├── wrap-fn@0.1.5
20 silly idealTree:prePrune ├── wrappy@1.0.2
20 silly idealTree:prePrune ├── xtend@4.0.1
20 silly idealTree:prePrune ├── y18n@3.2.1
20 silly idealTree:prePrune ├── yallist@2.0.0
20 silly idealTree:prePrune ├── yargs@3.32.0
20 silly idealTree:prePrune └── yauzl@2.6.0
21 silly loadIdealTree Finishing
22 silly currentTree Crowbar-Angular@0.0.0
22 silly currentTree ├── accepts@1.2.13
22 silly currentTree ├─┬ accord@0.23.0
22 silly currentTree │ ├── glob@7.0.3
22 silly currentTree │ ├── lodash@4.11.2
22 silly currentTree │ └── semver@5.1.0
22 silly currentTree ├── acorn-globals@1.0.9
22 silly currentTree ├── acorn@2.7.0
22 silly currentTree ├── align-text@0.1.4
22 silly currentTree ├── amdefine@1.0.0
22 silly currentTree ├── ansi-escapes@1.4.0
22 silly currentTree ├── ansi-regex@2.0.0
22 silly currentTree ├── ansi-styles@2.2.1
22 silly currentTree ├── archive-type@3.2.0
22 silly currentTree ├── archy@1.0.0
22 silly currentTree ├── argparse@1.0.7
22 silly currentTree ├── arr-diff@2.0.0
22 silly currentTree ├── arr-flatten@1.0.1
22 silly currentTree ├── array-differ@1.0.0
22 silly currentTree ├── array-find-index@1.0.1
22 silly currentTree ├── array-flatten@1.1.1
22 silly currentTree ├── array-union@1.0.2
22 silly currentTree ├── array-uniq@1.0.3
22 silly currentTree ├── array-unique@0.2.1
22 silly currentTree ├── arrify@1.0.1
22 silly currentTree ├── asap@1.0.0
22 silly currentTree ├── async-each-series@1.1.0
22 silly currentTree ├── async@0.2.10
22 silly currentTree ├── balanced-match@0.4.1
22 silly currentTree ├── basic-auth@1.0.4
22 silly currentTree ├── beeper@1.1.0
22 silly currentTree ├── bin-build@2.2.0
22 silly currentTree ├── bin-check@2.0.0
22 silly currentTree ├── bin-version-check@2.1.0
22 silly currentTree ├── bin-version@1.0.4
22 silly currentTree ├── bin-wrapper@3.0.2
22 silly currentTree ├─┬ bl@1.1.2
22 silly currentTree │ ├── isarray@1.0.0
22 silly currentTree │ └── readable-stream@2.0.6
22 silly currentTree ├── bluebird@3.4.1
22 silly currentTree ├── body-parser@1.13.3
22 silly currentTree ├── bower@1.7.9
22 silly currentTree ├── brace-expansion@1.1.5
22 silly currentTree ├── braces@1.8.5
22 silly currentTree ├── buffer-crc32@0.2.5
22 silly currentTree ├── buffer-shims@1.0.0
22 silly currentTree ├─┬ buffer-to-vinyl@1.1.0
22 silly currentTree │ ├── isarray@1.0.0
22 silly currentTree │ ├── readable-stream@2.1.4
22 silly currentTree │ └── vinyl@1.1.1
22 silly currentTree ├── bufferstreams@1.0.1
22 silly currentTree ├── builtin-modules@1.1.1
22 silly currentTree ├── bytes@2.1.0
22 silly currentTree ├─┬ cache-swap@0.2.3
22 silly currentTree │ └── object-assign@4.1.0
22 silly currentTree ├── camelcase-keys@2.1.0
22 silly currentTree ├── camelcase@2.1.1
22 silly currentTree ├── capture-stack-trace@1.0.0
22 silly currentTree ├── caw@1.2.0
22 silly currentTree ├── center-align@0.1.3
22 silly currentTree ├── chalk@1.1.3
22 silly currentTree ├── character-parser@1.2.1
22 silly currentTree ├── clap@1.1.1
22 silly currentTree ├─┬ clean-css@3.4.18
22 silly currentTree │ └── source-map@0.4.4
22 silly currentTree ├── cli-cursor@1.0.2
22 silly currentTree ├── cli-width@1.1.1
22 silly currentTree ├── cliui@3.2.0
22 silly currentTree ├── clone-stats@0.0.1
22 silly currentTree ├── clone@1.0.2
22 silly currentTree ├── co@3.1.0
22 silly currentTree ├── coa@1.0.1
22 silly currentTree ├── code-point-at@1.0.0
22 silly currentTree ├── colors@1.1.2
22 silly currentTree ├── commander@2.8.1
22 silly currentTree ├── concat-map@0.0.1
22 silly currentTree ├─┬ concat-stream@1.5.1
22 silly currentTree │ ├── isarray@1.0.0
22 silly currentTree │ └── readable-stream@2.0.6
22 silly currentTree ├── concat-with-sourcemaps@1.0.4
22 silly currentTree ├── console-stream@0.1.1
22 silly currentTree ├── constantinople@3.0.2
22 silly currentTree ├── content-disposition@0.5.1
22 silly currentTree ├── content-type@1.0.2
22 silly currentTree ├── convert-source-map@1.2.0
22 silly currentTree ├── cookie-parser@1.3.5
22 silly currentTree ├── cookie-signature@1.0.6
22 silly currentTree ├── cookie@0.1.3
22 silly currentTree ├── core-util-is@1.0.2
22 silly currentTree ├── create-error-class@3.0.2
22 silly currentTree ├─┬ cross-spawn-async@2.2.4
22 silly currentTree │ └── lru-cache@4.0.1
22 silly currentTree ├── css-parse@1.0.4
22 silly currentTree ├── css-stringify@1.0.5
22 silly currentTree ├── css@1.0.8
22 silly currentTree ├── csso@2.0.0
22 silly currentTree ├── currently-unhandled@0.4.1
22 silly currentTree ├── dateformat@1.0.12
22 silly currentTree ├── deap@1.0.0
22 silly currentTree ├── debug@2.2.0
22 silly currentTree ├── decamelize@1.2.0
22 silly currentTree ├─┬ decompress-tar@3.1.0
22 silly currentTree │ ├── clone@0.2.0
22 silly currentTree │ ├── object-assign@2.1.1
22 silly currentTree │ ├── readable-stream@1.0.34
22 silly currentTree │ ├── through2@0.6.5
22 silly currentTree │ └── vinyl@0.4.6
22 silly currentTree ├─┬ decompress-tarbz2@3.1.0
22 silly currentTree │ ├── clone@0.2.0
22 silly currentTree │ ├── object-assign@2.1.1
22 silly currentTree │ ├── readable-stream@1.0.34
22 silly currentTree │ ├── through2@0.6.5
22 silly currentTree │ └── vinyl@0.4.6
22 silly currentTree ├─┬ decompress-targz@3.1.0
22 silly currentTree │ ├── clone@0.2.0
22 silly currentTree │ ├── object-assign@2.1.1
22 silly currentTree │ ├── readable-stream@1.0.34
22 silly currentTree │ ├── through2@0.6.5
22 silly currentTree │ └── vinyl@0.4.6
22 silly currentTree ├─┬ decompress-unzip@3.4.0
22 silly currentTree │ └── vinyl@1.1.1
22 silly currentTree ├─┬ decompress@3.0.0
22 silly currentTree │ ├── extend@3.0.0
22 silly currentTree │ ├─┬ glob-stream@5.3.2
22 silly currentTree │ │ ├── isarray@0.0.1
22 silly currentTree │ │ ├── readable-stream@1.0.34
22 silly currentTree │ │ └── through2@0.6.5
22 silly currentTree │ ├── isarray@1.0.0
22 silly currentTree │ ├── merge-stream@1.0.0
22 silly currentTree │ ├── object-assign@4.1.0
22 silly currentTree │ ├── ordered-read-streams@0.3.0
22 silly currentTree │ ├── readable-stream@2.1.4
22 silly currentTree │ ├── unique-stream@2.2.1
22 silly currentTree │ ├── vinyl-fs@2.4.3
22 silly currentTree │ └── vinyl@1.1.1
22 silly currentTree ├── deep-extend@0.4.1
22 silly currentTree ├── defaults@1.0.3
22 silly currentTree ├── depd@1.0.1
22 silly currentTree ├── deprecated@0.0.1
22 silly currentTree ├── destroy@1.0.4
22 silly currentTree ├─┬ download@4.4.3
22 silly currentTree │ ├── extend@3.0.0
22 silly currentTree │ ├─┬ glob-stream@5.3.2
22 silly currentTree │ │ ├── isarray@0.0.1
22 silly currentTree │ │ ├── readable-stream@1.0.34
22 silly currentTree │ │ └── through2@0.6.5
22 silly currentTree │ ├── isarray@1.0.0
22 silly currentTree │ ├── merge-stream@1.0.0
22 silly currentTree │ ├── object-assign@4.1.0
22 silly currentTree │ ├── ordered-read-streams@0.3.0
22 silly currentTree │ ├── readable-stream@2.1.4
22 silly currentTree │ ├── unique-stream@2.2.1
22 silly currentTree │ ├── vinyl-fs@2.4.3
22 silly currentTree │ └── vinyl@1.1.1
22 silly currentTree ├── duplexer2@0.0.2
22 silly currentTree ├─┬ duplexify@3.4.3
22 silly currentTree │ ├── end-of-stream@1.0.0
22 silly currentTree │ ├── isarray@1.0.0
22 silly currentTree │ └── readable-stream@2.1.4
22 silly currentTree ├── each-async@1.1.1
22 silly currentTree ├── ee-first@1.1.1
22 silly currentTree ├── end-of-stream@0.1.5
22 silly currentTree ├── errno@0.1.4
22 silly currentTree ├── error-ex@1.3.0
22 silly currentTree ├── escape-html@1.0.3
22 silly currentTree ├── escape-string-regexp@1.0.5
22 silly currentTree ├── esprima@2.7.2
22 silly currentTree ├── etag@1.7.0
22 silly currentTree ├── exec-buffer@3.0.0
22 silly currentTree ├── exec-series@1.0.2
22 silly currentTree ├─┬ execa@0.3.0
22 silly currentTree │ └── object-assign@4.1.0
22 silly currentTree ├── executable@1.1.0
22 silly currentTree ├── exit-hook@1.1.1
22 silly currentTree ├── expand-brackets@0.1.5
22 silly currentTree ├── expand-range@1.8.2
22 silly currentTree ├─┬ express@4.13.4
22 silly currentTree │ ├── cookie@0.1.5
22 silly currentTree │ └── depd@1.1.0
22 silly currentTree ├── extend-shallow@2.0.1
22 silly currentTree ├── extend@2.0.1
22 silly currentTree ├── extglob@0.3.2
22 silly currentTree ├── fancy-log@1.2.0
22 silly currentTree ├── fd-slicer@1.0.1
22 silly currentTree ├─┬ figures@1.7.0
22 silly currentTree │ └── object-assign@4.1.0
22 silly currentTree ├── file-type@3.8.0
22 silly currentTree ├── filename-regex@2.0.0
22 silly currentTree ├── filename-reserved-regex@1.0.0
22 silly currentTree ├── filenamify@1.2.1
22 silly currentTree ├── fill-range@2.2.3
22 silly currentTree ├── finalhandler@0.4.1
22 silly currentTree ├── find-index@0.1.1
22 silly currentTree ├── find-up@1.1.2
22 silly currentTree ├── find-versions@1.2.1
22 silly currentTree ├── findup-sync@0.3.0
22 silly currentTree ├── first-chunk-stream@1.0.0
22 silly currentTree ├── flagged-respawn@0.3.2
22 silly currentTree ├─┬ fobject@0.0.4
22 silly currentTree │ └── semver@5.1.0
22 silly currentTree ├── for-in@0.1.5
22 silly currentTree ├── for-own@0.1.4
22 silly currentTree ├── foreachasync@3.0.0
22 silly currentTree ├── fork-stream@0.0.4
22 silly currentTree ├── forwarded@0.1.0
22 silly currentTree ├── fresh@0.3.0
22 silly currentTree ├── fs.realpath@1.0.0
22 silly currentTree ├── gaze@0.5.2
22 silly currentTree ├── get-proxy@1.1.0
22 silly currentTree ├── get-stdin@4.0.1
22 silly currentTree ├── gifsicle@3.0.3
22 silly currentTree ├── glob-base@0.3.0
22 silly currentTree ├── glob-parent@2.0.0
22 silly currentTree ├─┬ glob-stream@3.1.18
22 silly currentTree │ ├── glob@4.5.3
22 silly currentTree │ ├── minimatch@2.0.10
22 silly currentTree │ ├── readable-stream@1.0.34
22 silly currentTree │ └── through2@0.6.5
22 silly currentTree ├── glob-watcher@0.0.6
22 silly currentTree ├── glob2base@0.0.12
22 silly currentTree ├── glob@5.0.15
22 silly currentTree ├─┬ globby@4.1.0
22 silly currentTree │ ├── glob@6.0.4
22 silly currentTree │ └── object-assign@4.1.0
22 silly currentTree ├─┬ globule@0.1.0
22 silly currentTree │ ├── glob@3.1.21
22 silly currentTree │ ├── graceful-fs@1.2.3
22 silly currentTree │ ├── inherits@1.0.2
22 silly currentTree │ └── minimatch@0.2.14
22 silly currentTree ├── glogg@1.0.0
22 silly currentTree ├─┬ got@5.6.0
22 silly currentTree │ ├── duplexer2@0.1.4
22 silly currentTree │ ├── isarray@1.0.0
22 silly currentTree │ ├── object-assign@4.1.0
22 silly currentTree │ └── readable-stream@2.1.4
22 silly currentTree ├── graceful-fs@4.1.4
22 silly currentTree ├── graceful-readlink@1.0.1
22 silly currentTree ├─┬ gulp-bower@0.0.13
22 silly currentTree │ ├── readable-stream@1.0.34
22 silly currentTree │ └── through2@0.6.2
22 silly currentTree ├─┬ gulp-cache@0.4.5
22 silly currentTree │ ├── isarray@1.0.0
22 silly currentTree │ ├── object-assign@4.1.0
22 silly currentTree │ ├── readable-stream@2.1.4
22 silly currentTree │ └── vinyl@1.1.1
22 silly currentTree ├─┬ gulp-clean@0.3.2
22 silly currentTree │ ├── ansi-regex@0.2.1
22 silly currentTree │ ├── ansi-styles@1.1.0
22 silly currentTree │ ├── chalk@0.5.1
22 silly currentTree │ ├─┬ gulp-util@2.2.20
22 silly currentTree │ │ └── through2@0.5.1
22 silly currentTree │ ├── has-ansi@0.1.0
22 silly currentTree │ ├── lodash._reinterpolate@2.4.1
22 silly currentTree │ ├── lodash.escape@2.4.1
22 silly currentTree │ ├── lodash.keys@2.4.1
22 silly currentTree │ ├── lodash.template@2.4.1
22 silly currentTree │ ├── lodash.templatesettings@2.4.1
22 silly currentTree │ ├── minimist@0.2.0
22 silly currentTree │ ├── readable-stream@1.0.34
22 silly currentTree │ ├── strip-ansi@0.3.0
22 silly currentTree │ ├── supports-color@0.2.0
22 silly currentTree │ ├─┬ through2@0.4.2
22 silly currentTree │ │ └── xtend@2.1.2
22 silly currentTree │ ├── vinyl@0.2.3
22 silly currentTree │ └── xtend@3.0.0
22 silly currentTree ├─┬ gulp-concat@2.6.0
22 silly currentTree │ ├── readable-stream@1.0.34
22 silly currentTree │ └── through2@0.6.5
22 silly currentTree ├─┬ gulp-debug@2.1.2
22 silly currentTree │ └── object-assign@4.1.0
22 silly currentTree ├─┬ gulp-decompress@1.2.0
22 silly currentTree │ ├── isarray@1.0.0
22 silly currentTree │ └── readable-stream@2.1.4
22 silly currentTree ├── gulp-environments@0.1.1
22 silly currentTree ├── gulp-filter@4.0.0
22 silly currentTree ├─┬ gulp-if@1.2.5
22 silly currentTree │ ├── readable-stream@1.0.34
22 silly currentTree │ └── through2@0.6.5
22 silly currentTree ├── gulp-imagemin@3.0.1
22 silly currentTree ├── gulp-jade@1.1.0
22 silly currentTree ├─┬ gulp-less-import@1.0.0
22 silly currentTree │ ├── readable-stream@1.0.34
22 silly currentTree │ └── through2@0.6.5
22 silly currentTree ├─┬ gulp-less@3.1.0
22 silly currentTree │ └── object-assign@4.1.0
22 silly currentTree ├─┬ gulp-match@0.2.1
22 silly currentTree │ └── minimatch@1.0.0
22 silly currentTree ├─┬ gulp-minify-css@1.2.4
22 silly currentTree │ ├── isarray@1.0.0
22 silly currentTree │ ├── object-assign@4.1.0
22 silly currentTree │ └── readable-stream@2.1.4
22 silly currentTree ├── gulp-rename@1.2.2
22 silly currentTree ├─┬ gulp-sourcemaps@1.6.0
22 silly currentTree │ └── vinyl@1.1.1
22 silly currentTree ├─┬ gulp-uglify@1.5.3
22 silly currentTree │ ├── camelcase@1.2.1
22 silly currentTree │ ├── cliui@2.1.0
22 silly currentTree │ ├── uglify-js@2.6.2
22 silly currentTree │ ├── window-size@0.1.0
22 silly currentTree │ ├── wordwrap@0.0.2
22 silly currentTree │ └── yargs@3.10.0
22 silly currentTree ├── gulp-util@3.0.7
22 silly currentTree ├── gulp@3.9.1
22 silly currentTree ├── gulplog@1.0.0
22 silly currentTree ├── has-ansi@2.0.0
22 silly currentTree ├── has-gulplog@0.1.0
22 silly currentTree ├── hosted-git-info@2.1.5
22 silly currentTree ├── html-comment-regex@1.1.0
22 silly currentTree ├── http-errors@1.3.1
22 silly currentTree ├── iconv-lite@0.4.11
22 silly currentTree ├── image-size@0.5.0
22 silly currentTree ├── imagemin-gifsicle@5.1.0
22 silly currentTree ├── imagemin-jpegtran@5.0.2
22 silly currentTree ├── imagemin-optipng@5.1.0
22 silly currentTree ├── imagemin-svgo@5.1.0
22 silly currentTree ├── imagemin@5.2.1
22 silly currentTree ├── indent-string@2.1.0
22 silly currentTree ├── indx@0.2.3
22 silly currentTree ├── inflight@1.0.5
22 silly currentTree ├── inherits@2.0.1
22 silly currentTree ├── ini@1.3.4
22 silly currentTree ├─┬ inquirer@0.11.4
22 silly currentTree │ └── lodash@3.10.1
22 silly currentTree ├── interpret@1.0.1
22 silly currentTree ├── invert-kv@1.0.0
22 silly currentTree ├── ip-regex@1.0.3
22 silly currentTree ├── ipaddr.js@1.0.5
22 silly currentTree ├── irregular-plurals@1.2.0
22 silly currentTree ├── is-absolute@0.1.7
22 silly currentTree ├── is-arrayish@0.2.1
22 silly currentTree ├── is-buffer@1.1.3
22 silly currentTree ├── is-builtin-module@1.0.0
22 silly currentTree ├── is-bzip2@1.0.0
22 silly currentTree ├── is-dotfile@1.0.2
22 silly currentTree ├── is-equal-shallow@0.1.3
22 silly currentTree ├── is-extendable@0.1.1
22 silly currentTree ├── is-extglob@1.0.0
22 silly currentTree ├── is-finite@1.0.1
22 silly currentTree ├── is-fullwidth-code-point@1.0.0
22 silly currentTree ├── is-gif@1.0.0
22 silly currentTree ├── is-glob@2.0.1
22 silly currentTree ├── is-gzip@1.0.0
22 silly currentTree ├── is-jpg@1.0.0
22 silly currentTree ├── is-natural-number@2.1.1
22 silly currentTree ├── is-number@2.1.0
22 silly currentTree ├── is-obj@1.0.1
22 silly currentTree ├── is-plain-obj@1.1.0
22 silly currentTree ├── is-png@1.0.0
22 silly currentTree ├── is-posix-bracket@0.1.1
22 silly currentTree ├── is-primitive@2.0.0
22 silly currentTree ├── is-promise@2.1.0
22 silly currentTree ├── is-redirect@1.0.0
22 silly currentTree ├── is-regexp@1.0.0
22 silly currentTree ├── is-relative@0.1.3
22 silly currentTree ├── is-retry-allowed@1.0.0
22 silly currentTree ├── is-stream@1.1.0
22 silly currentTree ├── is-svg@2.0.1
22 silly currentTree ├── is-tar@1.0.0
22 silly currentTree ├── is-url@1.2.1
22 silly currentTree ├── is-utf8@0.2.1
22 silly currentTree ├── is-valid-glob@0.3.0
22 silly currentTree ├── is-zip@1.0.0
22 silly currentTree ├── isarray@0.0.1
22 silly currentTree ├── isexe@1.1.2
22 silly currentTree ├─┬ isobject@2.1.0
22 silly currentTree │ └── isarray@1.0.0
22 silly currentTree ├─┬ jade@1.11.0
22 silly currentTree │ └── commander@2.6.0
22 silly currentTree ├── jpegtran-bin@3.0.6
22 silly currentTree ├── js-yaml@3.6.1
22 silly currentTree ├── json-stable-stringify@1.0.1
22 silly currentTree ├── jsonify@0.0.0
22 silly currentTree ├── jstransformer@0.0.2
22 silly currentTree ├── kind-of@3.0.3
22 silly currentTree ├── lazy-cache@1.0.4
22 silly currentTree ├── lazy-req@1.1.0
22 silly currentTree ├─┬ lazystream@1.0.0
22 silly currentTree │ ├── isarray@1.0.0
22 silly currentTree │ └── readable-stream@2.1.4
22 silly currentTree ├── lcid@1.0.0
22 silly currentTree ├─┬ less@2.7.1
22 silly currentTree │ ├── asap@2.0.4
22 silly currentTree │ └── promise@7.1.1
22 silly currentTree ├── liftoff@2.2.1
22 silly currentTree ├── load-json-file@1.1.0
22 silly currentTree ├── lodash._basecopy@3.0.1
22 silly currentTree ├── lodash._basetostring@3.0.1
22 silly currentTree ├── lodash._basevalues@3.0.0
22 silly currentTree ├── lodash._escapehtmlchar@2.4.1
22 silly currentTree ├── lodash._escapestringchar@2.4.1
22 silly currentTree ├── lodash._getnative@3.9.1
22 silly currentTree ├── lodash._htmlescapes@2.4.1
22 silly currentTree ├── lodash._isiterateecall@3.0.9
22 silly currentTree ├── lodash._isnative@2.4.1
22 silly currentTree ├── lodash._objecttypes@2.4.1
22 silly currentTree ├── lodash._reescape@3.0.0
22 silly currentTree ├── lodash._reevaluate@3.0.0
22 silly currentTree ├── lodash._reinterpolate@3.0.0
22 silly currentTree ├─┬ lodash._reunescapedhtml@2.4.1
22 silly currentTree │ └── lodash.keys@2.4.1
22 silly currentTree ├── lodash._root@3.0.1
22 silly currentTree ├── lodash._shimkeys@2.4.1
22 silly currentTree ├─┬ lodash.defaults@2.4.1
22 silly currentTree │ └── lodash.keys@2.4.1
22 silly currentTree ├── lodash.escape@3.2.0
22 silly currentTree ├── lodash.isarguments@3.0.8
22 silly currentTree ├── lodash.isarray@3.0.4
22 silly currentTree ├─┬ lodash.isequal@4.2.0
22 silly currentTree │ └── lodash.keys@4.0.7
22 silly currentTree ├── lodash.isobject@2.4.1
22 silly currentTree ├── lodash.keys@3.1.2
22 silly currentTree ├── lodash.restparam@3.6.1
22 silly currentTree ├── lodash.template@3.6.2
22 silly currentTree ├── lodash.templatesettings@3.1.1
22 silly currentTree ├─┬ lodash.values@2.4.1
22 silly currentTree │ └── lodash.keys@2.4.1
22 silly currentTree ├── lodash@1.0.2
22 silly currentTree ├── logalot@2.1.0
22 silly currentTree ├── longest@1.0.1
22 silly currentTree ├── loud-rejection@1.5.0
22 silly currentTree ├── lowercase-keys@1.0.0
22 silly currentTree ├── lpad-align@1.1.0
22 silly currentTree ├── lpad@2.0.1
22 silly currentTree ├── lru-cache@2.7.3
22 silly currentTree ├─┬ main-bower-files@2.13.1
22 silly currentTree │ ├── async@1.5.2
22 silly currentTree │ ├─┬ glob-stream@5.3.2
22 silly currentTree │ │ ├── extend@3.0.0
22 silly currentTree │ │ ├── isarray@0.0.1
22 silly currentTree │ │ ├── readable-stream@1.0.34
22 silly currentTree │ │ └── through2@0.6.5
22 silly currentTree │ ├── globby@2.1.0
22 silly currentTree │ ├── isarray@1.0.0
22 silly currentTree │ ├── merge-stream@1.0.0
22 silly currentTree │ ├── ordered-read-streams@0.3.0
22 silly currentTree │ ├── path-exists@1.0.0
22 silly currentTree │ ├── readable-stream@2.1.4
22 silly currentTree │ ├── unique-stream@2.2.1
22 silly currentTree │ ├─┬ vinyl-fs@2.4.3
22 silly currentTree │ │ └── object-assign@4.1.0
22 silly currentTree │ └── vinyl@1.1.1
22 silly currentTree ├── map-obj@1.0.1
22 silly currentTree ├── media-typer@0.3.0
22 silly currentTree ├─┬ meow@3.7.0
22 silly currentTree │ └── object-assign@4.1.0
22 silly currentTree ├── merge-descriptors@1.0.1
22 silly currentTree ├─┬ merge-stream@0.1.8
22 silly currentTree │ ├── readable-stream@1.0.34
22 silly currentTree │ └── through2@0.6.5
22 silly currentTree ├── methods@1.1.2
22 silly currentTree ├── micromatch@2.3.8
22 silly currentTree ├── mime-db@1.23.0
22 silly currentTree ├── mime-types@2.1.11
22 silly currentTree ├── mime@1.3.4
22 silly currentTree ├── minimatch@3.0.2
22 silly currentTree ├── minimist@1.2.0
22 silly currentTree ├─┬ mkdirp@0.5.1
22 silly currentTree │ └── minimist@0.0.8
22 silly currentTree ├── morgan@1.6.1
22 silly currentTree ├── ms@0.7.1
22 silly currentTree ├── multimatch@2.1.0
22 silly currentTree ├── multipipe@0.1.2
22 silly currentTree ├── mute-stream@0.0.5
22 silly currentTree ├── negotiator@0.5.3
22 silly currentTree ├── node-status-codes@1.0.0
22 silly currentTree ├── normalize-package-data@2.3.5
22 silly currentTree ├── normalize-path@2.0.1
22 silly currentTree ├── npm-run-path@1.0.0
22 silly currentTree ├── number-is-nan@1.0.0
22 silly currentTree ├── object-assign@3.0.0
22 silly currentTree ├── object-keys@0.4.0
22 silly currentTree ├── object.omit@2.0.0
22 silly currentTree ├── object.pick@1.1.2
22 silly currentTree ├── on-finished@2.3.0
22 silly currentTree ├── on-headers@1.0.1
22 silly currentTree ├── once@1.3.3
22 silly currentTree ├── onetime@1.1.0
22 silly currentTree ├── optimist@0.3.7
22 silly currentTree ├── optipng-bin@3.1.2
22 silly currentTree ├── orchestrator@0.3.7
22 silly currentTree ├── ordered-read-streams@0.1.0
22 silly currentTree ├── os-filter-obj@1.0.3
22 silly currentTree ├── os-homedir@1.0.1
22 silly currentTree ├── os-locale@1.4.0
22 silly currentTree ├── os-tmpdir@1.0.1
22 silly currentTree ├── parse-glob@3.0.4
22 silly currentTree ├── parse-json@2.2.0
22 silly currentTree ├── parseurl@1.3.1
22 silly currentTree ├── path-exists@2.1.0
22 silly currentTree ├── path-is-absolute@1.0.0
22 silly currentTree ├── path-key@1.0.0
22 silly currentTree ├── path-to-regexp@0.1.7
22 silly currentTree ├── path-type@1.1.0
22 silly currentTree ├── pend@1.2.0
22 silly currentTree ├── pify@2.3.0
22 silly currentTree ├── pinkie-promise@2.0.1
22 silly currentTree ├── pinkie@2.0.4
22 silly currentTree ├── plur@2.1.2
22 silly currentTree ├── prepend-http@1.0.4
22 silly currentTree ├── preserve@0.2.0
22 silly currentTree ├── pretty-bytes@2.0.1
22 silly currentTree ├── pretty-hrtime@1.0.2
22 silly currentTree ├── process-nextick-args@1.0.7
22 silly currentTree ├── promise.pipe@3.0.0
22 silly currentTree ├── promise@6.1.0
22 silly currentTree ├── proxy-addr@1.0.10
22 silly currentTree ├── prr@0.0.0
22 silly currentTree ├── pseudomap@1.0.2
22 silly currentTree ├── q@1.4.1
22 silly currentTree ├── qs@4.0.0
22 silly currentTree ├── randomatic@1.1.5
22 silly currentTree ├── range-parser@1.0.3
22 silly currentTree ├─┬ raw-body@2.1.7
22 silly currentTree │ ├── bytes@2.4.0
22 silly currentTree │ └── iconv-lite@0.4.13
22 silly currentTree ├── rc@1.1.6
22 silly currentTree ├─┬ read-all-stream@3.1.0
22 silly currentTree │ ├── isarray@1.0.0
22 silly currentTree │ └── readable-stream@2.1.4
22 silly currentTree ├── read-pkg-up@1.0.1
22 silly currentTree ├── read-pkg@1.1.0
22 silly currentTree ├── readable-stream@1.1.14
22 silly currentTree ├── readline2@1.0.1
22 silly currentTree ├── rechoir@0.6.2
22 silly currentTree ├── redent@1.0.0
22 silly currentTree ├── regex-cache@0.4.3
22 silly currentTree ├── repeat-element@1.1.2
22 silly currentTree ├── repeat-string@1.5.4
22 silly currentTree ├── repeating@2.0.1
22 silly currentTree ├── replace-ext@0.0.1
22 silly currentTree ├── require-dir@0.3.0
22 silly currentTree ├── resolve@1.1.7
22 silly currentTree ├── restore-cursor@1.0.1
22 silly currentTree ├── right-align@0.1.3
22 silly currentTree ├─┬ rimraf@2.5.2
22 silly currentTree │ └── glob@7.0.4
22 silly currentTree ├── run-async@0.1.0
22 silly currentTree ├── rx-lite@3.1.2
22 silly currentTree ├── sax@1.2.1
22 silly currentTree ├── seek-bzip@1.0.5
22 silly currentTree ├── semver-regex@1.0.0
22 silly currentTree ├─┬ semver-truncate@1.1.0
22 silly currentTree │ └── semver@5.1.0
22 silly currentTree ├── semver@4.3.6
22 silly currentTree ├─┬ send@0.13.1
22 silly currentTree │ ├── depd@1.1.0
22 silly currentTree │ └── statuses@1.2.1
22 silly currentTree ├── sequencify@0.0.7
22 silly currentTree ├── serve-favicon@2.3.0
22 silly currentTree ├─┬ serve-static@1.10.3
22 silly currentTree │ ├── depd@1.1.0
22 silly currentTree │ ├── send@0.13.2
22 silly currentTree │ └── statuses@1.2.1
22 silly currentTree ├── set-immediate-shim@1.0.1
22 silly currentTree ├── sigmund@1.0.1
22 silly currentTree ├── signal-exit@3.0.0
22 silly currentTree ├── source-map@0.5.6
22 silly currentTree ├── sparkles@1.0.0
22 silly currentTree ├── spdx-correct@1.0.2
22 silly currentTree ├── spdx-exceptions@1.0.4
22 silly currentTree ├── spdx-expression-parse@1.0.2
22 silly currentTree ├── spdx-license-ids@1.2.1
22 silly currentTree ├── sprintf-js@1.0.3
22 silly currentTree ├── squeak@1.3.0
22 silly currentTree ├── stat-mode@0.2.1
22 silly currentTree ├── statuses@1.3.0
22 silly currentTree ├─┬ stream-combiner2@1.1.1
22 silly currentTree │ ├── duplexer2@0.1.4
22 silly currentTree │ ├── isarray@1.0.0
22 silly currentTree │ └── readable-stream@2.1.4
22 silly currentTree ├── stream-consume@0.1.0
22 silly currentTree ├─┬ streamfilter@1.0.5
22 silly currentTree │ ├── isarray@1.0.0
22 silly currentTree │ └── readable-stream@2.1.4
22 silly currentTree ├── string-width@1.0.1
22 silly currentTree ├── string_decoder@0.10.31
22 silly currentTree ├── stringify-object@2.4.0
22 silly currentTree ├── strip-ansi@3.0.1
22 silly currentTree ├── strip-bom-stream@1.0.0
22 silly currentTree ├── strip-bom@2.0.0
22 silly currentTree ├── strip-dirs@1.1.1
22 silly currentTree ├── strip-eof@1.0.0
22 silly currentTree ├── strip-indent@1.0.1
22 silly currentTree ├── strip-json-comments@1.0.4
22 silly currentTree ├── strip-outer@1.0.0
22 silly currentTree ├── sum-up@1.0.3
22 silly currentTree ├── supports-color@2.0.0
22 silly currentTree ├── svgo@0.6.6
22 silly currentTree ├─┬ tar-stream@1.5.2
22 silly currentTree │ ├── end-of-stream@1.1.0
22 silly currentTree │ ├── isarray@1.0.0
22 silly currentTree │ └── readable-stream@2.1.4
22 silly currentTree ├── tempfile@1.1.1
22 silly currentTree ├─┬ ternary-stream@1.2.3
22 silly currentTree │ ├── readable-stream@1.0.34
22 silly currentTree │ └── through2@0.6.5
22 silly currentTree ├── through2-concurrent@1.1.1
22 silly currentTree ├── through2-filter@2.0.0
22 silly currentTree ├─┬ through2@2.0.1
22 silly currentTree │ ├── isarray@1.0.0
22 silly currentTree │ └── readable-stream@2.0.6
22 silly currentTree ├── through@2.3.8
22 silly currentTree ├── tildify@1.2.0
22 silly currentTree ├── time-stamp@1.0.1
22 silly currentTree ├── timed-out@2.0.0
22 silly currentTree ├── to-absolute-glob@0.1.1
22 silly currentTree ├─┬ transformers@2.1.0
22 silly currentTree │ ├── is-promise@1.0.1
22 silly currentTree │ ├── promise@2.0.0
22 silly currentTree │ ├── source-map@0.1.43
22 silly currentTree │ └── uglify-js@2.2.5
22 silly currentTree ├── trim-newlines@1.0.0
22 silly currentTree ├── trim-repeated@1.0.0
22 silly currentTree ├── try-json-parse@0.1.1
22 silly currentTree ├── tunnel-agent@0.4.3
22 silly currentTree ├── type-is@1.6.13
22 silly currentTree ├── typedarray@0.0.6
22 silly currentTree ├─┬ uglify-js@2.6.3
22 silly currentTree │ ├── camelcase@1.2.1
22 silly currentTree │ ├── cliui@2.1.0
22 silly currentTree │ ├── window-size@0.1.0
22 silly currentTree │ ├── wordwrap@0.0.2
22 silly currentTree │ └── yargs@3.10.0
22 silly currentTree ├── uglify-save-license@0.4.1
22 silly currentTree ├── uglify-to-browserify@1.0.2
22 silly currentTree ├── unique-stream@1.0.0
22 silly currentTree ├── unpipe@1.0.0
22 silly currentTree ├── unzip-response@1.0.0
22 silly currentTree ├── url-parse-lax@1.0.0
22 silly currentTree ├── url-regex@3.2.0
22 silly currentTree ├── user-home@1.1.1
22 silly currentTree ├── util-deprecate@1.0.2
22 silly currentTree ├── utils-merge@1.0.0
22 silly currentTree ├── uuid@2.0.2
22 silly currentTree ├── v8flags@2.0.11
22 silly currentTree ├── vali-date@1.0.0
22 silly currentTree ├── validate-npm-package-license@3.0.1
22 silly currentTree ├── vary@1.0.1
22 silly currentTree ├─┬ vinyl-assign@1.2.1
22 silly currentTree │ ├── isarray@1.0.0
22 silly currentTree │ ├── object-assign@4.1.0
22 silly currentTree │ └── readable-stream@2.1.4
22 silly currentTree ├── vinyl-bufferstream@1.0.1
22 silly currentTree ├─┬ vinyl-fs@0.3.14
22 silly currentTree │ ├── clone@0.2.0
22 silly currentTree │ ├── graceful-fs@3.0.8
22 silly currentTree │ ├── readable-stream@1.0.34
22 silly currentTree │ ├── strip-bom@1.0.0
22 silly currentTree │ ├── through2@0.6.5
22 silly currentTree │ └── vinyl@0.4.6
22 silly currentTree ├── vinyl-sourcemaps-apply@0.2.1
22 silly currentTree ├── vinyl@0.5.3
22 silly currentTree ├── void-elements@2.0.1
22 silly currentTree ├── walk@2.3.3
22 silly currentTree ├── ware@1.3.0
22 silly currentTree ├── when@3.7.7
22 silly currentTree ├── whet.extend@0.9.9
22 silly currentTree ├── which@1.2.10
22 silly currentTree ├── window-size@0.1.4
22 silly currentTree ├─┬ with@4.0.3
22 silly currentTree │ └── acorn@1.2.2
22 silly currentTree ├── wordwrap@0.0.3
22 silly currentTree ├── wrap-ansi@2.0.0
22 silly currentTree ├── wrap-fn@0.1.5
22 silly currentTree ├── wrappy@1.0.2
22 silly currentTree ├── xtend@4.0.1
22 silly currentTree ├── y18n@3.2.1
22 silly currentTree ├── yallist@2.0.0
22 silly currentTree ├── yargs@3.32.0
22 silly currentTree └── yauzl@2.6.0
23 silly idealTree Crowbar-Angular@0.0.0
23 silly idealTree ├── accepts@1.2.13
23 silly idealTree ├─┬ accord@0.23.0
23 silly idealTree │ ├── glob@7.0.3
23 silly idealTree │ ├── lodash@4.11.2
23 silly idealTree │ └── semver@5.1.0
23 silly idealTree ├── acorn-globals@1.0.9
23 silly idealTree ├── acorn@2.7.0
23 silly idealTree ├── align-text@0.1.4
23 silly idealTree ├── amdefine@1.0.0
23 silly idealTree ├── ansi-escapes@1.4.0
23 silly idealTree ├── ansi-regex@2.0.0
23 silly idealTree ├── ansi-styles@2.2.1
23 silly idealTree ├── archive-type@3.2.0
23 silly idealTree ├── archy@1.0.0
23 silly idealTree ├── argparse@1.0.7
23 silly idealTree ├── arr-diff@2.0.0
23 silly idealTree ├── arr-flatten@1.0.1
23 silly idealTree ├── array-differ@1.0.0
23 silly idealTree ├── array-find-index@1.0.1
23 silly idealTree ├── array-flatten@1.1.1
23 silly idealTree ├── array-union@1.0.2
23 silly idealTree ├── array-uniq@1.0.3
23 silly idealTree ├── array-unique@0.2.1
23 silly idealTree ├── arrify@1.0.1
23 silly idealTree ├── asap@1.0.0
23 silly idealTree ├── async-each-series@1.1.0
23 silly idealTree ├── async@0.2.10
23 silly idealTree ├── balanced-match@0.4.1
23 silly idealTree ├── basic-auth@1.0.4
23 silly idealTree ├── beeper@1.1.0
23 silly idealTree ├── bin-build@2.2.0
23 silly idealTree ├── bin-check@2.0.0
23 silly idealTree ├── bin-version-check@2.1.0
23 silly idealTree ├── bin-version@1.0.4
23 silly idealTree ├── bin-wrapper@3.0.2
23 silly idealTree ├─┬ bl@1.1.2
23 silly idealTree │ ├── isarray@1.0.0
23 silly idealTree │ └── readable-stream@2.0.6
23 silly idealTree ├── bluebird@3.4.1
23 silly idealTree ├── body-parser@1.13.3
23 silly idealTree ├── bower@1.7.9
23 silly idealTree ├── brace-expansion@1.1.5
23 silly idealTree ├── braces@1.8.5
23 silly idealTree ├── buffer-crc32@0.2.5
23 silly idealTree ├── buffer-shims@1.0.0
23 silly idealTree ├─┬ buffer-to-vinyl@1.1.0
23 silly idealTree │ ├── isarray@1.0.0
23 silly idealTree │ ├── readable-stream@2.1.4
23 silly idealTree │ └── vinyl@1.1.1
23 silly idealTree ├── bufferstreams@1.0.1
23 silly idealTree ├── builtin-modules@1.1.1
23 silly idealTree ├── bytes@2.1.0
23 silly idealTree ├─┬ cache-swap@0.2.3
23 silly idealTree │ └── object-assign@4.1.0
23 silly idealTree ├── camelcase-keys@2.1.0
23 silly idealTree ├── camelcase@2.1.1
23 silly idealTree ├── capture-stack-trace@1.0.0
23 silly idealTree ├── caw@1.2.0
23 silly idealTree ├── center-align@0.1.3
23 silly idealTree ├── chalk@1.1.3
23 silly idealTree ├── character-parser@1.2.1
23 silly idealTree ├── clap@1.1.1
23 silly idealTree ├─┬ clean-css@3.4.18
23 silly idealTree │ └── source-map@0.4.4
23 silly idealTree ├── cli-cursor@1.0.2
23 silly idealTree ├── cli-width@1.1.1
23 silly idealTree ├── cliui@3.2.0
23 silly idealTree ├── clone-stats@0.0.1
23 silly idealTree ├── clone@1.0.2
23 silly idealTree ├── co@3.1.0
23 silly idealTree ├── coa@1.0.1
23 silly idealTree ├── code-point-at@1.0.0
23 silly idealTree ├── colors@1.1.2
23 silly idealTree ├── commander@2.8.1
23 silly idealTree ├── concat-map@0.0.1
23 silly idealTree ├─┬ concat-stream@1.5.1
23 silly idealTree │ ├── isarray@1.0.0
23 silly idealTree │ └── readable-stream@2.0.6
23 silly idealTree ├── concat-with-sourcemaps@1.0.4
23 silly idealTree ├── console-stream@0.1.1
23 silly idealTree ├── constantinople@3.0.2
23 silly idealTree ├── content-disposition@0.5.1
23 silly idealTree ├── content-type@1.0.2
23 silly idealTree ├── convert-source-map@1.2.0
23 silly idealTree ├── cookie-parser@1.3.5
23 silly idealTree ├── cookie-signature@1.0.6
23 silly idealTree ├── cookie@0.1.3
23 silly idealTree ├── core-util-is@1.0.2
23 silly idealTree ├── create-error-class@3.0.2
23 silly idealTree ├─┬ cross-spawn-async@2.2.4
23 silly idealTree │ └── lru-cache@4.0.1
23 silly idealTree ├── css-parse@1.0.4
23 silly idealTree ├── css-stringify@1.0.5
23 silly idealTree ├── css@1.0.8
23 silly idealTree ├── csso@2.0.0
23 silly idealTree ├── currently-unhandled@0.4.1
23 silly idealTree ├── dateformat@1.0.12
23 silly idealTree ├── deap@1.0.0
23 silly idealTree ├── debug@2.2.0
23 silly idealTree ├── decamelize@1.2.0
23 silly idealTree ├─┬ decompress-tar@3.1.0
23 silly idealTree │ ├── clone@0.2.0
23 silly idealTree │ ├── object-assign@2.1.1
23 silly idealTree │ ├── readable-stream@1.0.34
23 silly idealTree │ ├── through2@0.6.5
23 silly idealTree │ └── vinyl@0.4.6
23 silly idealTree ├─┬ decompress-tarbz2@3.1.0
23 silly idealTree │ ├── clone@0.2.0
23 silly idealTree │ ├── object-assign@2.1.1
23 silly idealTree │ ├── readable-stream@1.0.34
23 silly idealTree │ ├── through2@0.6.5
23 silly idealTree │ └── vinyl@0.4.6
23 silly idealTree ├─┬ decompress-targz@3.1.0
23 silly idealTree │ ├── clone@0.2.0
23 silly idealTree │ ├── object-assign@2.1.1
23 silly idealTree │ ├── readable-stream@1.0.34
23 silly idealTree │ ├── through2@0.6.5
23 silly idealTree │ └── vinyl@0.4.6
23 silly idealTree ├─┬ decompress-unzip@3.4.0
23 silly idealTree │ └── vinyl@1.1.1
23 silly idealTree ├─┬ decompress@3.0.0
23 silly idealTree │ ├── extend@3.0.0
23 silly idealTree │ ├─┬ glob-stream@5.3.2
23 silly idealTree │ │ ├── isarray@0.0.1
23 silly idealTree │ │ ├── readable-stream@1.0.34
23 silly idealTree │ │ └── through2@0.6.5
23 silly idealTree │ ├── isarray@1.0.0
23 silly idealTree │ ├── merge-stream@1.0.0
23 silly idealTree │ ├── object-assign@4.1.0
23 silly idealTree │ ├── ordered-read-streams@0.3.0
23 silly idealTree │ ├── readable-stream@2.1.4
23 silly idealTree │ ├── unique-stream@2.2.1
23 silly idealTree │ ├── vinyl-fs@2.4.3
23 silly idealTree │ └── vinyl@1.1.1
23 silly idealTree ├── deep-extend@0.4.1
23 silly idealTree ├── defaults@1.0.3
23 silly idealTree ├── depd@1.0.1
23 silly idealTree ├── deprecated@0.0.1
23 silly idealTree ├── destroy@1.0.4
23 silly idealTree ├─┬ download@4.4.3
23 silly idealTree │ ├── extend@3.0.0
23 silly idealTree │ ├─┬ glob-stream@5.3.2
23 silly idealTree │ │ ├── isarray@0.0.1
23 silly idealTree │ │ ├── readable-stream@1.0.34
23 silly idealTree │ │ └── through2@0.6.5
23 silly idealTree │ ├── isarray@1.0.0
23 silly idealTree │ ├── merge-stream@1.0.0
23 silly idealTree │ ├── object-assign@4.1.0
23 silly idealTree │ ├── ordered-read-streams@0.3.0
23 silly idealTree │ ├── readable-stream@2.1.4
23 silly idealTree │ ├── unique-stream@2.2.1
23 silly idealTree │ ├── vinyl-fs@2.4.3
23 silly idealTree │ └── vinyl@1.1.1
23 silly idealTree ├── duplexer2@0.0.2
23 silly idealTree ├─┬ duplexify@3.4.3
23 silly idealTree │ ├── end-of-stream@1.0.0
23 silly idealTree │ ├── isarray@1.0.0
23 silly idealTree │ └── readable-stream@2.1.4
23 silly idealTree ├── each-async@1.1.1
23 silly idealTree ├── ee-first@1.1.1
23 silly idealTree ├── end-of-stream@0.1.5
23 silly idealTree ├── errno@0.1.4
23 silly idealTree ├── error-ex@1.3.0
23 silly idealTree ├── escape-html@1.0.3
23 silly idealTree ├── escape-string-regexp@1.0.5
23 silly idealTree ├── esprima@2.7.2
23 silly idealTree ├── etag@1.7.0
23 silly idealTree ├── exec-buffer@3.0.0
23 silly idealTree ├── exec-series@1.0.2
23 silly idealTree ├─┬ execa@0.3.0
23 silly idealTree │ └── object-assign@4.1.0
23 silly idealTree ├── executable@1.1.0
23 silly idealTree ├── exit-hook@1.1.1
23 silly idealTree ├── expand-brackets@0.1.5
23 silly idealTree ├── expand-range@1.8.2
23 silly idealTree ├─┬ express@4.13.4
23 silly idealTree │ ├── cookie@0.1.5
23 silly idealTree │ └── depd@1.1.0
23 silly idealTree ├── extend-shallow@2.0.1
23 silly idealTree ├── extend@2.0.1
23 silly idealTree ├── extglob@0.3.2
23 silly idealTree ├── fancy-log@1.2.0
23 silly idealTree ├── fd-slicer@1.0.1
23 silly idealTree ├─┬ figures@1.7.0
23 silly idealTree │ └── object-assign@4.1.0
23 silly idealTree ├── file-type@3.8.0
23 silly idealTree ├── filename-regex@2.0.0
23 silly idealTree ├── filename-reserved-regex@1.0.0
23 silly idealTree ├── filenamify@1.2.1
23 silly idealTree ├── fill-range@2.2.3
23 silly idealTree ├── finalhandler@0.4.1
23 silly idealTree ├── find-index@0.1.1
23 silly idealTree ├── find-up@1.1.2
23 silly idealTree ├── find-versions@1.2.1
23 silly idealTree ├── findup-sync@0.3.0
23 silly idealTree ├── first-chunk-stream@1.0.0
23 silly idealTree ├── flagged-respawn@0.3.2
23 silly idealTree ├─┬ fobject@0.0.4
23 silly idealTree │ └── semver@5.1.0
23 silly idealTree ├── for-in@0.1.5
23 silly idealTree ├── for-own@0.1.4
23 silly idealTree ├── foreachasync@3.0.0
23 silly idealTree ├── fork-stream@0.0.4
23 silly idealTree ├── forwarded@0.1.0
23 silly idealTree ├── fresh@0.3.0
23 silly idealTree ├── fs.realpath@1.0.0
23 silly idealTree ├── gaze@0.5.2
23 silly idealTree ├── get-proxy@1.1.0
23 silly idealTree ├── get-stdin@4.0.1
23 silly idealTree ├── gifsicle@3.0.3
23 silly idealTree ├── glob-base@0.3.0
23 silly idealTree ├── glob-parent@2.0.0
23 silly idealTree ├─┬ glob-stream@3.1.18
23 silly idealTree │ ├── glob@4.5.3
23 silly idealTree │ ├── minimatch@2.0.10
23 silly idealTree │ ├── readable-stream@1.0.34
23 silly idealTree │ └── through2@0.6.5
23 silly idealTree ├── glob-watcher@0.0.6
23 silly idealTree ├── glob2base@0.0.12
23 silly idealTree ├── glob@5.0.15
23 silly idealTree ├─┬ globby@4.1.0
23 silly idealTree │ ├── glob@6.0.4
23 silly idealTree │ └── object-assign@4.1.0
23 silly idealTree ├─┬ globule@0.1.0
23 silly idealTree │ ├── glob@3.1.21
23 silly idealTree │ ├── graceful-fs@1.2.3
23 silly idealTree │ ├── inherits@1.0.2
23 silly idealTree │ └── minimatch@0.2.14
23 silly idealTree ├── glogg@1.0.0
23 silly idealTree ├─┬ got@5.6.0
23 silly idealTree │ ├── duplexer2@0.1.4
23 silly idealTree │ ├── isarray@1.0.0
23 silly idealTree │ ├── object-assign@4.1.0
23 silly idealTree │ └── readable-stream@2.1.4
23 silly idealTree ├── graceful-fs@4.1.4
23 silly idealTree ├── graceful-readlink@1.0.1
23 silly idealTree ├─┬ gulp-bower@0.0.13
23 silly idealTree │ ├── readable-stream@1.0.34
23 silly idealTree │ └── through2@0.6.2
23 silly idealTree ├─┬ gulp-cache@0.4.5
23 silly idealTree │ ├── isarray@1.0.0
23 silly idealTree │ ├── object-assign@4.1.0
23 silly idealTree │ ├── readable-stream@2.1.4
23 silly idealTree │ └── vinyl@1.1.1
23 silly idealTree ├─┬ gulp-clean@0.3.2
23 silly idealTree │ ├── ansi-regex@0.2.1
23 silly idealTree │ ├── ansi-styles@1.1.0
23 silly idealTree │ ├── chalk@0.5.1
23 silly idealTree │ ├─┬ gulp-util@2.2.20
23 silly idealTree │ │ └── through2@0.5.1
23 silly idealTree │ ├── has-ansi@0.1.0
23 silly idealTree │ ├── lodash._reinterpolate@2.4.1
23 silly idealTree │ ├── lodash.escape@2.4.1
23 silly idealTree │ ├── lodash.keys@2.4.1
23 silly idealTree │ ├── lodash.template@2.4.1
23 silly idealTree │ ├── lodash.templatesettings@2.4.1
23 silly idealTree │ ├── minimist@0.2.0
23 silly idealTree │ ├── readable-stream@1.0.34
23 silly idealTree │ ├── strip-ansi@0.3.0
23 silly idealTree │ ├── supports-color@0.2.0
23 silly idealTree │ ├─┬ through2@0.4.2
23 silly idealTree │ │ └── xtend@2.1.2
23 silly idealTree │ ├── vinyl@0.2.3
23 silly idealTree │ └── xtend@3.0.0
23 silly idealTree ├─┬ gulp-concat@2.6.0
23 silly idealTree │ ├── readable-stream@1.0.34
23 silly idealTree │ └── through2@0.6.5
23 silly idealTree ├─┬ gulp-debug@2.1.2
23 silly idealTree │ └── object-assign@4.1.0
23 silly idealTree ├─┬ gulp-decompress@1.2.0
23 silly idealTree │ ├── isarray@1.0.0
23 silly idealTree │ └── readable-stream@2.1.4
23 silly idealTree ├── gulp-environments@0.1.1
23 silly idealTree ├── gulp-filter@4.0.0
23 silly idealTree ├─┬ gulp-if@1.2.5
23 silly idealTree │ ├── readable-stream@1.0.34
23 silly idealTree │ └── through2@0.6.5
23 silly idealTree ├── gulp-imagemin@3.0.1
23 silly idealTree ├── gulp-jade@1.1.0
23 silly idealTree ├─┬ gulp-less-import@1.0.0
23 silly idealTree │ ├── readable-stream@1.0.34
23 silly idealTree │ └── through2@0.6.5
23 silly idealTree ├─┬ gulp-less@3.1.0
23 silly idealTree │ └── object-assign@4.1.0
23 silly idealTree ├─┬ gulp-match@0.2.1
23 silly idealTree │ └── minimatch@1.0.0
23 silly idealTree ├─┬ gulp-minify-css@1.2.4
23 silly idealTree │ ├── isarray@1.0.0
23 silly idealTree │ ├── object-assign@4.1.0
23 silly idealTree │ └── readable-stream@2.1.4
23 silly idealTree ├── gulp-rename@1.2.2
23 silly idealTree ├─┬ gulp-sourcemaps@1.6.0
23 silly idealTree │ └── vinyl@1.1.1
23 silly idealTree ├─┬ gulp-uglify@1.5.3
23 silly idealTree │ ├── camelcase@1.2.1
23 silly idealTree │ ├── cliui@2.1.0
23 silly idealTree │ ├── uglify-js@2.6.2
23 silly idealTree │ ├── window-size@0.1.0
23 silly idealTree │ ├── wordwrap@0.0.2
23 silly idealTree │ └── yargs@3.10.0
23 silly idealTree ├── gulp-util@3.0.7
23 silly idealTree ├── gulp@3.9.1
23 silly idealTree ├── gulplog@1.0.0
23 silly idealTree ├── has-ansi@2.0.0
23 silly idealTree ├── has-gulplog@0.1.0
23 silly idealTree ├── hosted-git-info@2.1.5
23 silly idealTree ├── html-comment-regex@1.1.0
23 silly idealTree ├── http-errors@1.3.1
23 silly idealTree ├── iconv-lite@0.4.11
23 silly idealTree ├── image-size@0.5.0
23 silly idealTree ├── imagemin-gifsicle@5.1.0
23 silly idealTree ├── imagemin-jpegtran@5.0.2
23 silly idealTree ├── imagemin-optipng@5.1.0
23 silly idealTree ├── imagemin-svgo@5.1.0
23 silly idealTree ├── imagemin@5.2.1
23 silly idealTree ├── indent-string@2.1.0
23 silly idealTree ├── indx@0.2.3
23 silly idealTree ├── inflight@1.0.5
23 silly idealTree ├── inherits@2.0.1
23 silly idealTree ├── ini@1.3.4
23 silly idealTree ├─┬ inquirer@0.11.4
23 silly idealTree │ └── lodash@3.10.1
23 silly idealTree ├── interpret@1.0.1
23 silly idealTree ├── invert-kv@1.0.0
23 silly idealTree ├── ip-regex@1.0.3
23 silly idealTree ├── ipaddr.js@1.0.5
23 silly idealTree ├── irregular-plurals@1.2.0
23 silly idealTree ├── is-absolute@0.1.7
23 silly idealTree ├── is-arrayish@0.2.1
23 silly idealTree ├── is-buffer@1.1.3
23 silly idealTree ├── is-builtin-module@1.0.0
23 silly idealTree ├── is-bzip2@1.0.0
23 silly idealTree ├── is-dotfile@1.0.2
23 silly idealTree ├── is-equal-shallow@0.1.3
23 silly idealTree ├── is-extendable@0.1.1
23 silly idealTree ├── is-extglob@1.0.0
23 silly idealTree ├── is-finite@1.0.1
23 silly idealTree ├── is-fullwidth-code-point@1.0.0
23 silly idealTree ├── is-gif@1.0.0
23 silly idealTree ├── is-glob@2.0.1
23 silly idealTree ├── is-gzip@1.0.0
23 silly idealTree ├── is-jpg@1.0.0
23 silly idealTree ├── is-natural-number@2.1.1
23 silly idealTree ├── is-number@2.1.0
23 silly idealTree ├── is-obj@1.0.1
23 silly idealTree ├── is-plain-obj@1.1.0
23 silly idealTree ├── is-png@1.0.0
23 silly idealTree ├── is-posix-bracket@0.1.1
23 silly idealTree ├── is-primitive@2.0.0
23 silly idealTree ├── is-promise@2.1.0
23 silly idealTree ├── is-redirect@1.0.0
23 silly idealTree ├── is-regexp@1.0.0
23 silly idealTree ├── is-relative@0.1.3
23 silly idealTree ├── is-retry-allowed@1.0.0
23 silly idealTree ├── is-stream@1.1.0
23 silly idealTree ├── is-svg@2.0.1
23 silly idealTree ├── is-tar@1.0.0
23 silly idealTree ├── is-url@1.2.1
23 silly idealTree ├── is-utf8@0.2.1
23 silly idealTree ├── is-valid-glob@0.3.0
23 silly idealTree ├── is-zip@1.0.0
23 silly idealTree ├── isarray@0.0.1
23 silly idealTree ├── isexe@1.1.2
23 silly idealTree ├─┬ isobject@2.1.0
23 silly idealTree │ └── isarray@1.0.0
23 silly idealTree ├─┬ jade@1.11.0
23 silly idealTree │ └── commander@2.6.0
23 silly idealTree ├── jpegtran-bin@3.0.6
23 silly idealTree ├── js-yaml@3.6.1
23 silly idealTree ├── json-stable-stringify@1.0.1
23 silly idealTree ├── jsonify@0.0.0
23 silly idealTree ├── jstransformer@0.0.2
23 silly idealTree ├── kind-of@3.0.3
23 silly idealTree ├── lazy-cache@1.0.4
23 silly idealTree ├── lazy-req@1.1.0
23 silly idealTree ├─┬ lazystream@1.0.0
23 silly idealTree │ ├── isarray@1.0.0
23 silly idealTree │ └── readable-stream@2.1.4
23 silly idealTree ├── lcid@1.0.0
23 silly idealTree ├─┬ less@2.7.1
23 silly idealTree │ ├── asap@2.0.4
23 silly idealTree │ └── promise@7.1.1
23 silly idealTree ├── liftoff@2.2.1
23 silly idealTree ├── load-json-file@1.1.0
23 silly idealTree ├── lodash._basecopy@3.0.1
23 silly idealTree ├── lodash._basetostring@3.0.1
23 silly idealTree ├── lodash._basevalues@3.0.0
23 silly idealTree ├── lodash._escapehtmlchar@2.4.1
23 silly idealTree ├── lodash._escapestringchar@2.4.1
23 silly idealTree ├── lodash._getnative@3.9.1
23 silly idealTree ├── lodash._htmlescapes@2.4.1
23 silly idealTree ├── lodash._isiterateecall@3.0.9
23 silly idealTree ├── lodash._isnative@2.4.1
23 silly idealTree ├── lodash._objecttypes@2.4.1
23 silly idealTree ├── lodash._reescape@3.0.0
23 silly idealTree ├── lodash._reevaluate@3.0.0
23 silly idealTree ├── lodash._reinterpolate@3.0.0
23 silly idealTree ├─┬ lodash._reunescapedhtml@2.4.1
23 silly idealTree │ └── lodash.keys@2.4.1
23 silly idealTree ├── lodash._root@3.0.1
23 silly idealTree ├── lodash._shimkeys@2.4.1
23 silly idealTree ├─┬ lodash.defaults@2.4.1
23 silly idealTree │ └── lodash.keys@2.4.1
23 silly idealTree ├── lodash.escape@3.2.0
23 silly idealTree ├── lodash.isarguments@3.0.8
23 silly idealTree ├── lodash.isarray@3.0.4
23 silly idealTree ├─┬ lodash.isequal@4.2.0
23 silly idealTree │ └── lodash.keys@4.0.7
23 silly idealTree ├── lodash.isobject@2.4.1
23 silly idealTree ├── lodash.keys@3.1.2
23 silly idealTree ├── lodash.restparam@3.6.1
23 silly idealTree ├── lodash.template@3.6.2
23 silly idealTree ├── lodash.templatesettings@3.1.1
23 silly idealTree ├─┬ lodash.values@2.4.1
23 silly idealTree │ └── lodash.keys@2.4.1
23 silly idealTree ├── lodash@1.0.2
23 silly idealTree ├── logalot@2.1.0
23 silly idealTree ├── longest@1.0.1
23 silly idealTree ├── loud-rejection@1.5.0
23 silly idealTree ├── lowercase-keys@1.0.0
23 silly idealTree ├── lpad-align@1.1.0
23 silly idealTree ├── lpad@2.0.1
23 silly idealTree ├── lru-cache@2.7.3
23 silly idealTree ├─┬ main-bower-files@2.13.1
23 silly idealTree │ ├── async@1.5.2
23 silly idealTree │ ├─┬ glob-stream@5.3.2
23 silly idealTree │ │ ├── extend@3.0.0
23 silly idealTree │ │ ├── isarray@0.0.1
23 silly idealTree │ │ ├── readable-stream@1.0.34
23 silly idealTree │ │ └── through2@0.6.5
23 silly idealTree │ ├── globby@2.1.0
23 silly idealTree │ ├── isarray@1.0.0
23 silly idealTree │ ├── merge-stream@1.0.0
23 silly idealTree │ ├── ordered-read-streams@0.3.0
23 silly idealTree │ ├── path-exists@1.0.0
23 silly idealTree │ ├── readable-stream@2.1.4
23 silly idealTree │ ├── unique-stream@2.2.1
23 silly idealTree │ ├─┬ vinyl-fs@2.4.3
23 silly idealTree │ │ └── object-assign@4.1.0
23 silly idealTree │ └── vinyl@1.1.1
23 silly idealTree ├── map-obj@1.0.1
23 silly idealTree ├── media-typer@0.3.0
23 silly idealTree ├─┬ meow@3.7.0
23 silly idealTree │ └── object-assign@4.1.0
23 silly idealTree ├── merge-descriptors@1.0.1
23 silly idealTree ├─┬ merge-stream@0.1.8
23 silly idealTree │ ├── readable-stream@1.0.34
23 silly idealTree │ └── through2@0.6.5
23 silly idealTree ├── methods@1.1.2
23 silly idealTree ├── micromatch@2.3.8
23 silly idealTree ├── mime-db@1.23.0
23 silly idealTree ├── mime-types@2.1.11
23 silly idealTree ├── mime@1.3.4
23 silly idealTree ├── minimatch@3.0.2
23 silly idealTree ├── minimist@1.2.0
23 silly idealTree ├─┬ mkdirp@0.5.1
23 silly idealTree │ └── minimist@0.0.8
23 silly idealTree ├── morgan@1.6.1
23 silly idealTree ├── ms@0.7.1
23 silly idealTree ├── multimatch@2.1.0
23 silly idealTree ├── multipipe@0.1.2
23 silly idealTree ├── mute-stream@0.0.5
23 silly idealTree ├── negotiator@0.5.3
23 silly idealTree ├── node-status-codes@1.0.0
23 silly idealTree ├── normalize-package-data@2.3.5
23 silly idealTree ├── normalize-path@2.0.1
23 silly idealTree ├── npm-run-path@1.0.0
23 silly idealTree ├── number-is-nan@1.0.0
23 silly idealTree ├── object-assign@3.0.0
23 silly idealTree ├── object-keys@0.4.0
23 silly idealTree ├── object.omit@2.0.0
23 silly idealTree ├── object.pick@1.1.2
23 silly idealTree ├── on-finished@2.3.0
23 silly idealTree ├── on-headers@1.0.1
23 silly idealTree ├── once@1.3.3
23 silly idealTree ├── onetime@1.1.0
23 silly idealTree ├── optimist@0.3.7
23 silly idealTree ├── optipng-bin@3.1.2
23 silly idealTree ├── orchestrator@0.3.7
23 silly idealTree ├── ordered-read-streams@0.1.0
23 silly idealTree ├── os-filter-obj@1.0.3
23 silly idealTree ├── os-homedir@1.0.1
23 silly idealTree ├── os-locale@1.4.0
23 silly idealTree ├── os-tmpdir@1.0.1
23 silly idealTree ├── parse-glob@3.0.4
23 silly idealTree ├── parse-json@2.2.0
23 silly idealTree ├── parseurl@1.3.1
23 silly idealTree ├── path-exists@2.1.0
23 silly idealTree ├── path-is-absolute@1.0.0
23 silly idealTree ├── path-key@1.0.0
23 silly idealTree ├── path-to-regexp@0.1.7
23 silly idealTree ├── path-type@1.1.0
23 silly idealTree ├── pend@1.2.0
23 silly idealTree ├── pify@2.3.0
23 silly idealTree ├── pinkie-promise@2.0.1
23 silly idealTree ├── pinkie@2.0.4
23 silly idealTree ├── plur@2.1.2
23 silly idealTree ├── prepend-http@1.0.4
23 silly idealTree ├── preserve@0.2.0
23 silly idealTree ├── pretty-bytes@2.0.1
23 silly idealTree ├── pretty-hrtime@1.0.2
23 silly idealTree ├── process-nextick-args@1.0.7
23 silly idealTree ├── promise.pipe@3.0.0
23 silly idealTree ├── promise@6.1.0
23 silly idealTree ├── proxy-addr@1.0.10
23 silly idealTree ├── prr@0.0.0
23 silly idealTree ├── pseudomap@1.0.2
23 silly idealTree ├── q@1.4.1
23 silly idealTree ├── qs@4.0.0
23 silly idealTree ├── randomatic@1.1.5
23 silly idealTree ├── range-parser@1.0.3
23 silly idealTree ├─┬ raw-body@2.1.7
23 silly idealTree │ ├── bytes@2.4.0
23 silly idealTree │ └── iconv-lite@0.4.13
23 silly idealTree ├── rc@1.1.6
23 silly idealTree ├─┬ read-all-stream@3.1.0
23 silly idealTree │ ├── isarray@1.0.0
23 silly idealTree │ └── readable-stream@2.1.4
23 silly idealTree ├── read-pkg-up@1.0.1
23 silly idealTree ├── read-pkg@1.1.0
23 silly idealTree ├── readable-stream@1.1.14
23 silly idealTree ├── readline2@1.0.1
23 silly idealTree ├── rechoir@0.6.2
23 silly idealTree ├── redent@1.0.0
23 silly idealTree ├── regex-cache@0.4.3
23 silly idealTree ├── repeat-element@1.1.2
23 silly idealTree ├── repeat-string@1.5.4
23 silly idealTree ├── repeating@2.0.1
23 silly idealTree ├── replace-ext@0.0.1
23 silly idealTree ├── require-dir@0.3.0
23 silly idealTree ├── resolve@1.1.7
23 silly idealTree ├── restore-cursor@1.0.1
23 silly idealTree ├── right-align@0.1.3
23 silly idealTree ├─┬ rimraf@2.5.2
23 silly idealTree │ └── glob@7.0.4
23 silly idealTree ├── run-async@0.1.0
23 silly idealTree ├── rx-lite@3.1.2
23 silly idealTree ├── sax@1.2.1
23 silly idealTree ├── seek-bzip@1.0.5
23 silly idealTree ├── semver-regex@1.0.0
23 silly idealTree ├─┬ semver-truncate@1.1.0
23 silly idealTree │ └── semver@5.1.0
23 silly idealTree ├── semver@4.3.6
23 silly idealTree ├─┬ send@0.13.1
23 silly idealTree │ ├── depd@1.1.0
23 silly idealTree │ └── statuses@1.2.1
23 silly idealTree ├── sequencify@0.0.7
23 silly idealTree ├── serve-favicon@2.3.0
23 silly idealTree ├─┬ serve-static@1.10.3
23 silly idealTree │ ├── depd@1.1.0
23 silly idealTree │ ├── send@0.13.2
23 silly idealTree │ └── statuses@1.2.1
23 silly idealTree ├── set-immediate-shim@1.0.1
23 silly idealTree ├── sigmund@1.0.1
23 silly idealTree ├── signal-exit@3.0.0
23 silly idealTree ├── source-map@0.5.6
23 silly idealTree ├── sparkles@1.0.0
23 silly idealTree ├── spdx-correct@1.0.2
23 silly idealTree ├── spdx-exceptions@1.0.4
23 silly idealTree ├── spdx-expression-parse@1.0.2
23 silly idealTree ├── spdx-license-ids@1.2.1
23 silly idealTree ├── sprintf-js@1.0.3
23 silly idealTree ├── squeak@1.3.0
23 silly idealTree ├── stat-mode@0.2.1
23 silly idealTree ├── statuses@1.3.0
23 silly idealTree ├─┬ stream-combiner2@1.1.1
23 silly idealTree │ ├── duplexer2@0.1.4
23 silly idealTree │ ├── isarray@1.0.0
23 silly idealTree │ └── readable-stream@2.1.4
23 silly idealTree ├── stream-consume@0.1.0
23 silly idealTree ├─┬ streamfilter@1.0.5
23 silly idealTree │ ├── isarray@1.0.0
23 silly idealTree │ └── readable-stream@2.1.4
23 silly idealTree ├── string-width@1.0.1
23 silly idealTree ├── string_decoder@0.10.31
23 silly idealTree ├── stringify-object@2.4.0
23 silly idealTree ├── strip-ansi@3.0.1
23 silly idealTree ├── strip-bom-stream@1.0.0
23 silly idealTree ├── strip-bom@2.0.0
23 silly idealTree ├── strip-dirs@1.1.1
23 silly idealTree ├── strip-eof@1.0.0
23 silly idealTree ├── strip-indent@1.0.1
23 silly idealTree ├── strip-json-comments@1.0.4
23 silly idealTree ├── strip-outer@1.0.0
23 silly idealTree ├── sum-up@1.0.3
23 silly idealTree ├── supports-color@2.0.0
23 silly idealTree ├── svgo@0.6.6
23 silly idealTree ├─┬ tar-stream@1.5.2
23 silly idealTree │ ├── end-of-stream@1.1.0
23 silly idealTree │ ├── isarray@1.0.0
23 silly idealTree │ └── readable-stream@2.1.4
23 silly idealTree ├── tempfile@1.1.1
23 silly idealTree ├─┬ ternary-stream@1.2.3
23 silly idealTree │ ├── readable-stream@1.0.34
23 silly idealTree │ └── through2@0.6.5
23 silly idealTree ├── through2-concurrent@1.1.1
23 silly idealTree ├── through2-filter@2.0.0
23 silly idealTree ├─┬ through2@2.0.1
23 silly idealTree │ ├── isarray@1.0.0
23 silly idealTree │ └── readable-stream@2.0.6
23 silly idealTree ├── through@2.3.8
23 silly idealTree ├── tildify@1.2.0
23 silly idealTree ├── time-stamp@1.0.1
23 silly idealTree ├── timed-out@2.0.0
23 silly idealTree ├── to-absolute-glob@0.1.1
23 silly idealTree ├─┬ transformers@2.1.0
23 silly idealTree │ ├── is-promise@1.0.1
23 silly idealTree │ ├── promise@2.0.0
23 silly idealTree │ ├── source-map@0.1.43
23 silly idealTree │ └── uglify-js@2.2.5
23 silly idealTree ├── trim-newlines@1.0.0
23 silly idealTree ├── trim-repeated@1.0.0
23 silly idealTree ├── try-json-parse@0.1.1
23 silly idealTree ├── tunnel-agent@0.4.3
23 silly idealTree ├── type-is@1.6.13
23 silly idealTree ├── typedarray@0.0.6
23 silly idealTree ├─┬ uglify-js@2.6.3
23 silly idealTree │ ├── camelcase@1.2.1
23 silly idealTree │ ├── cliui@2.1.0
23 silly idealTree │ ├── window-size@0.1.0
23 silly idealTree │ ├── wordwrap@0.0.2
23 silly idealTree │ └── yargs@3.10.0
23 silly idealTree ├── uglify-save-license@0.4.1
23 silly idealTree ├── uglify-to-browserify@1.0.2
23 silly idealTree ├── unique-stream@1.0.0
23 silly idealTree ├── unpipe@1.0.0
23 silly idealTree ├── unzip-response@1.0.0
23 silly idealTree ├── url-parse-lax@1.0.0
23 silly idealTree ├── url-regex@3.2.0
23 silly idealTree ├── user-home@1.1.1
23 silly idealTree ├── util-deprecate@1.0.2
23 silly idealTree ├── utils-merge@1.0.0
23 silly idealTree ├── uuid@2.0.2
23 silly idealTree ├── v8flags@2.0.11
23 silly idealTree ├── vali-date@1.0.0
23 silly idealTree ├── validate-npm-package-license@3.0.1
23 silly idealTree ├── vary@1.0.1
23 silly idealTree ├─┬ vinyl-assign@1.2.1
23 silly idealTree │ ├── isarray@1.0.0
23 silly idealTree │ ├── object-assign@4.1.0
23 silly idealTree │ └── readable-stream@2.1.4
23 silly idealTree ├── vinyl-bufferstream@1.0.1
23 silly idealTree ├─┬ vinyl-fs@0.3.14
23 silly idealTree │ ├── clone@0.2.0
23 silly idealTree │ ├── graceful-fs@3.0.8
23 silly idealTree │ ├── readable-stream@1.0.34
23 silly idealTree │ ├── strip-bom@1.0.0
23 silly idealTree │ ├── through2@0.6.5
23 silly idealTree │ └── vinyl@0.4.6
23 silly idealTree ├── vinyl-sourcemaps-apply@0.2.1
23 silly idealTree ├── vinyl@0.5.3
23 silly idealTree ├── void-elements@2.0.1
23 silly idealTree ├── walk@2.3.3
23 silly idealTree ├── ware@1.3.0
23 silly idealTree ├── when@3.7.7
23 silly idealTree ├── whet.extend@0.9.9
23 silly idealTree ├── which@1.2.10
23 silly idealTree ├── window-size@0.1.4
23 silly idealTree ├─┬ with@4.0.3
23 silly idealTree │ └── acorn@1.2.2
23 silly idealTree ├── wordwrap@0.0.3
23 silly idealTree ├── wrap-ansi@2.0.0
23 silly idealTree ├── wrap-fn@0.1.5
23 silly idealTree ├── wrappy@1.0.2
23 silly idealTree ├── xtend@4.0.1
23 silly idealTree ├── y18n@3.2.1
23 silly idealTree ├── yallist@2.0.0
23 silly idealTree ├── yargs@3.32.0
23 silly idealTree └── yauzl@2.6.0
24 silly generateActionsToTake Starting
25 silly install generateActionsToTake
26 silly generateActionsToTake Finishing
27 silly diffTrees action count 0
28 silly decomposeActions action count 0
29 silly executeActions Starting
30 silly install executeActions
31 silly doSerial global-install 0
32 silly doParallel fetch 0
33 verbose correctMkdir /suse/spetrone/.npm/_locks correctMkdir not in flight; initializing
34 verbose lock using /suse/spetrone/.npm/_locks/staging-6acdea16304b47d9.lock for /suse/spetrone/Cloud/crowbar-angular/node_modules/.staging
35 silly doParallel extract 0
36 silly doParallel preinstall 0
37 silly doReverseSerial remove 0
38 silly doSerial move 0
39 silly doSerial finalize 0
40 silly doSerial build 0
41 silly doSerial global-link 0
42 silly doParallel update-linked 0
43 silly doSerial install 0
44 silly doSerial postinstall 0
45 verbose unlock done using /suse/spetrone/.npm/_locks/staging-6acdea16304b47d9.lock for /suse/spetrone/Cloud/crowbar-angular/node_modules/.staging
46 silly executeActions Finishing
47 silly rollbackFailedOptional Starting
48 silly rollbackFailedOptional Finishing
49 silly runTopLevelLifecycles Starting
50 silly install runTopLevelLifecycles
51 silly preinstall Crowbar-Angular@0.0.0 /suse/spetrone/Cloud/crowbar-angular/Crowbar-Angular-19e32edb
52 info lifecycle Crowbar-Angular@0.0.0~preinstall: Crowbar-Angular@0.0.0
53 verbose lifecycle Crowbar-Angular@0.0.0~preinstall: unsafe-perm in lifecycle true
54 verbose lifecycle Crowbar-Angular@0.0.0~preinstall: PATH: /usr/lib/node_modules/npm/bin/node-gyp-bin:/suse/spetrone/Cloud/crowbar-angular/node_modules/.bin:/usr/bin:/suse/spetrone/bin:/usr/local/bin:/usr/bin:/bin:/usr/bin/X11:/usr/games:/suse/bin:/mounts/users-space/archteam/bin/
55 verbose lifecycle Crowbar-Angular@0.0.0~preinstall: CWD: /suse/spetrone/Cloud/crowbar-angular
56 silly lifecycle Crowbar-Angular@0.0.0~preinstall: Args: [ '-c', 'bower install' ]
57 silly lifecycle Crowbar-Angular@0.0.0~preinstall: Returned: code: 1  signal: null
58 info lifecycle Crowbar-Angular@0.0.0~preinstall: Failed to exec preinstall script
59 verbose stack Error: Crowbar-Angular@0.0.0 preinstall: `bower install`
59 verbose stack Exit status 1
59 verbose stack     at EventEmitter.<anonymous> (/usr/lib/node_modules/npm/lib/utils/lifecycle.js:245:16)
59 verbose stack     at emitTwo (events.js:87:13)
59 verbose stack     at EventEmitter.emit (events.js:172:7)
59 verbose stack     at ChildProcess.<anonymous> (/usr/lib/node_modules/npm/lib/utils/spawn.js:24:14)
59 verbose stack     at emitTwo (events.js:87:13)
59 verbose stack     at ChildProcess.emit (events.js:172:7)
59 verbose stack     at maybeClose (internal/child_process.js:827:16)
59 verbose stack     at Process.ChildProcess._handle.onexit (internal/child_process.js:211:5)
60 verbose pkgid Crowbar-Angular@0.0.0
61 verbose cwd /suse/spetrone/Cloud/crowbar-angular
62 error Linux 4.1.21-14-default
63 error argv "/usr/bin/node" "/usr/bin/npm" "install"
64 error node v4.4.5
65 error npm  v3.9.6
66 error code ELIFECYCLE
67 error Crowbar-Angular@0.0.0 preinstall: `bower install`
67 error Exit status 1
68 error Failed at the Crowbar-Angular@0.0.0 preinstall script 'bower install'.
68 error Make sure you have the latest version of node.js and npm installed.
68 error If you do, this is most likely a problem with the Crowbar-Angular package,
68 error not with npm itself.
68 error Tell the author that this fails on your system:
68 error     bower install
68 error You can get information on how to open an issue for this project with:
68 error     npm bugs Crowbar-Angular
68 error Or if that isn't available, you can get their info via:
68 error     npm owner ls Crowbar-Angular
68 error There is likely additional logging output above.
69 verbose exit [ 1, true ]
